client init
applying
applying ok
FUSE library version: 2.9.4
unique: 1, opcode: INIT (26), nodeid: 0, insize: 56, pid: 0
INIT: 7.26
flags=0x001ffffb
max_readahead=0x00020000
   INIT: 7.19
   flags=0x00000000
   max_readahead=0x00020000
   max_write=0x00020000
   max_background=0
   congestion_threshold=0
   unique: 1, success, outsize: 40
revoke 1 4
revoke done
revoke 1 5
revoke done
unique: 2, opcode: LOOKUP (1), nodeid: 1, insize: 46, pid: 24947
   unique: 2, error: -2 (No such file or directory), outsize: 16
unique: 3, opcode: MKDIR (9), nodeid: 1, insize: 54, pid: 24947
applying
applying ok
applying
applying ok
isfile: 3 is a dir
getattr 0000000000000003 0
isfile: 3 is a dir
isfile: 3 is not a symlink
getdir 0000000000000003
   getattr -> 2318709744 32767 8
   unique: 3, success, outsize: 144
unique: 4, opcode: LOOKUP (1), nodeid: 1, insize: 46, pid: 24947
applying
applying ok
isfile: 2 is a dir
getattr 0000000000000002 0
isfile: 2 is a dir
isfile: 2 is not a symlink
getdir 0000000000000002
   getattr -> 0 0 5
   unique: 4, success, outsize: 144
unique: 5, opcode: ACCESS (34), nodeid: 2, insize: 48, pid: 24947
   unique: 5, error: -38 (Function not implemented), outsize: 16
unique: 6, opcode: LOOKUP (1), nodeid: 1, insize: 46, pid: 24948
isfile: 3 is a dir
getattr 0000000000000003 0
isfile: 3 is a dir
isfile: 3 is not a symlink
getdir 0000000000000003
revoke 1 4
   getattr -> 2318709744 32767 8
   unique: 6, success, outsize: 144
unique: 7, opcode: LOOKUP (1), nodeid: 3, insize: 45, pid: 24948
revoke done
revoke 1 5
revoke done
   unique: 7, error: -2 (No such file or directory), outsize: 16
unique: 8, opcode: CREATE (35), nodeid: 3, insize: 61, pid: 24948
create name: xx-0 
applying
applying ok
isfile: 4 is a file
getattr 0000000000000004 1
isfile: 4 is a file
getfile 0000000000000004
getfile 0000000000000004 -> sz 0
   getattr -> 0
   unique: 8, success, outsize: 160
OK: create returns.
unique: 9, opcode: GETXATTR (22), nodeid: 4, insize: 68, pid: 24948
   unique: 9, error: -38 (Function not implemented), outsize: 16
unique: 10, opcode: WRITE (16), nodeid: 4, insize: 84, pid: 24948
   unique: 10, success, outsize: 24
unique: 11, opcode: FLUSH (25), nodeid: 4, insize: 64, pid: 24948
   unique: 11, error: -38 (Function not implemented), outsize: 16
unique: 12, opcode: RELEASE (18), nodeid: 4, insize: 64, pid: 0
   unique: 12, success, outsize: 16
unique: 13, opcode: LOOKUP (1), nodeid: 1, insize: 46, pid: 24948
isfile: 3 is a dir
getattr 0000000000000003 0
isfile: 3 is a dir
isfile: 3 is not a symlink
getdir 0000000000000003
   getattr -> 2318709747 12 13
   unique: 13, success, outsize: 144
unique: 14, opcode: LOOKUP (1), nodeid: 3, insize: 45, pid: 24948
   unique: 14, error: -2 (No such file or directory), outsize: 16
unique: 15, opcode: CREATE (35), nodeid: 3, insize: 61, pid: 24948
create name: xx-1 
applying
applying ok
isfile: 5 is a file
getattr 0000000000000005 1
isfile: 5 is a file
getfile 0000000000000005
getfile 0000000000000005 -> sz 0
   getattr -> 0
   unique: 15, success, outsize: 160
OK: create returns.
unique: 16, opcode: WRITE (16), nodeid: 5, insize: 84, pid: 24948
   unique: 16, success, outsize: 24
unique: 17, opcode: RELEASE (18), nodeid: 5, insize: 64, pid: 0
   unique: 17, success, outsize: 16
unique: 18, opcode: LOOKUP (1), nodeid: 1, insize: 46, pid: 24948
isfile: 3 is a dir
getattr 0000000000000003 0
isfile: 3 is a dir
isfile: 3 is not a symlink
getdir 0000000000000003
   getattr -> 2318709750 17 18
   unique: 18, success, outsize: 144
unique: 19, opcode: LOOKUP (1), nodeid: 3, insize: 45, pid: 24948
   unique: 19, error: -2 (No such file or directory), outsize: 16
unique: 20, opcode: CREATE (35), nodeid: 3, insize: 61, pid: 24948
create name: xx-2 
applying
applying ok
isfile: 6 is a file
getattr 0000000000000006 1
isfile: 6 is a file
getfile 0000000000000006
getfile 0000000000000006 -> sz 0
   getattr -> 0
   unique: 20, success, outsize: 160
OK: create returns.
unique: 21, opcode: WRITE (16), nodeid: 6, insize: 84, pid: 24948
   unique: 21, success, outsize: 24
unique: 22, opcode: RELEASE (18), nodeid: 6, insize: 64, pid: 0
   unique: 22, success, outsize: 16
unique: 23, opcode: LOOKUP (1), nodeid: 1, insize: 46, pid: 24948
isfile: 3 is a dir
getattr 0000000000000003 0
isfile: 3 is a dir
isfile: 3 is not a symlink
getdir 0000000000000003
   getattr -> 2318709753 22 23
   unique: 23, success, outsize: 144
unique: 24, opcode: LOOKUP (1), nodeid: 3, insize: 45, pid: 24948
   unique: 24, error: -2 (No such file or directory), outsize: 16
unique: 25, opcode: CREATE (35), nodeid: 3, insize: 61, pid: 24948
create name: xx-3 
applying
applying ok
isfile: 7 is a file
getattr 0000000000000007 1
isfile: 7 is a file
getfile 0000000000000007
getfile 0000000000000007 -> sz 0
   getattr -> 0
   unique: 25, success, outsize: 160
OK: create returns.
unique: 26, opcode: WRITE (16), nodeid: 7, insize: 84, pid: 24948
   unique: 26, success, outsize: 24
unique: 27, opcode: RELEASE (18), nodeid: 7, insize: 64, pid: 0
   unique: 27, success, outsize: 16
unique: 28, opcode: LOOKUP (1), nodeid: 1, insize: 46, pid: 24948
isfile: 3 is a dir
getattr 0000000000000003 0
isfile: 3 is a dir
isfile: 3 is not a symlink
getdir 0000000000000003
   getattr -> 2318709756 27 28
   unique: 28, success, outsize: 144
unique: 29, opcode: LOOKUP (1), nodeid: 3, insize: 45, pid: 24948
   unique: 29, error: -2 (No such file or directory), outsize: 16
unique: 30, opcode: CREATE (35), nodeid: 3, insize: 61, pid: 24948
create name: xx-4 
applying
applying ok
isfile: 8 is a file
getattr 0000000000000008 1
isfile: 8 is a file
getfile 0000000000000008
getfile 0000000000000008 -> sz 0
   getattr -> 0
   unique: 30, success, outsize: 160
OK: create returns.
unique: 31, opcode: WRITE (16), nodeid: 8, insize: 84, pid: 24948
   unique: 31, success, outsize: 24
unique: 32, opcode: RELEASE (18), nodeid: 8, insize: 64, pid: 0
   unique: 32, success, outsize: 16
unique: 33, opcode: LOOKUP (1), nodeid: 1, insize: 46, pid: 24948
isfile: 3 is a dir
getattr 0000000000000003 0
isfile: 3 is a dir
isfile: 3 is not a symlink
getdir 0000000000000003
   getattr -> 2318709759 32 33
   unique: 33, success, outsize: 144
unique: 34, opcode: LOOKUP (1), nodeid: 3, insize: 45, pid: 24948
   unique: 34, error: -2 (No such file or directory), outsize: 16
unique: 35, opcode: CREATE (35), nodeid: 3, insize: 61, pid: 24948
create name: xx-5 
applying
applying ok
isfile: 9 is a file
getattr 0000000000000009 1
isfile: 9 is a file
getfile 0000000000000009
getfile 0000000000000009 -> sz 0
   getattr -> 0
   unique: 35, success, outsize: 160
OK: create returns.
unique: 36, opcode: WRITE (16), nodeid: 9, insize: 84, pid: 24948
   unique: 36, success, outsize: 24
unique: 37, opcode: RELEASE (18), nodeid: 9, insize: 64, pid: 0
   unique: 37, success, outsize: 16
unique: 38, opcode: LOOKUP (1), nodeid: 1, insize: 46, pid: 24948
isfile: 3 is a dir
getattr 0000000000000003 0
isfile: 3 is a dir
isfile: 3 is not a symlink
getdir 0000000000000003
   getattr -> 2318709762 37 38
   unique: 38, success, outsize: 144
unique: 39, opcode: LOOKUP (1), nodeid: 3, insize: 45, pid: 24948
   unique: 39, error: -2 (No such file or directory), outsize: 16
unique: 40, opcode: CREATE (35), nodeid: 3, insize: 61, pid: 24948
create name: xx-6 
applying
applying ok
isfile: 10 is a file
getattr 000000000000000a 1
isfile: 10 is a file
getfile 000000000000000a
getfile 000000000000000a -> sz 0
   getattr -> 0
   unique: 40, success, outsize: 160
OK: create returns.
unique: 41, opcode: WRITE (16), nodeid: 10, insize: 84, pid: 24948
   unique: 41, success, outsize: 24
unique: 42, opcode: RELEASE (18), nodeid: 10, insize: 64, pid: 0
   unique: 42, success, outsize: 16
unique: 43, opcode: LOOKUP (1), nodeid: 1, insize: 46, pid: 24948
isfile: 3 is a dir
getattr 0000000000000003 0
isfile: 3 is a dir
isfile: 3 is not a symlink
getdir 0000000000000003
   getattr -> 2318709765 42 43
   unique: 43, success, outsize: 144
unique: 44, opcode: LOOKUP (1), nodeid: 3, insize: 45, pid: 24948
   unique: 44, error: -2 (No such file or directory), outsize: 16
unique: 45, opcode: CREATE (35), nodeid: 3, insize: 61, pid: 24948
create name: xx-7 
applying
applying ok
isfile: 11 is a file
getattr 000000000000000b 1
isfile: 11 is a file
getfile 000000000000000b
getfile 000000000000000b -> sz 0
   getattr -> 0
   unique: 45, success, outsize: 160
OK: create returns.
unique: 46, opcode: WRITE (16), nodeid: 11, insize: 84, pid: 24948
   unique: 46, success, outsize: 24
unique: 47, opcode: RELEASE (18), nodeid: 11, insize: 64, pid: 0
   unique: 47, success, outsize: 16
unique: 48, opcode: LOOKUP (1), nodeid: 1, insize: 46, pid: 24948
isfile: 3 is a dir
getattr 0000000000000003 0
isfile: 3 is a dir
isfile: 3 is not a symlink
getdir 0000000000000003
   getattr -> 2318709768 47 48
   unique: 48, success, outsize: 144
unique: 49, opcode: LOOKUP (1), nodeid: 3, insize: 45, pid: 24948
   unique: 49, error: -2 (No such file or directory), outsize: 16
unique: 50, opcode: CREATE (35), nodeid: 3, insize: 61, pid: 24948
create name: xx-8 
applying
applying ok
isfile: 12 is a file
getattr 000000000000000c 1
isfile: 12 is a file
getfile 000000000000000c
getfile 000000000000000c -> sz 0
   getattr -> 0
   unique: 50, success, outsize: 160
OK: create returns.
unique: 51, opcode: WRITE (16), nodeid: 12, insize: 84, pid: 24948
   unique: 51, success, outsize: 24
unique: 52, opcode: RELEASE (18), nodeid: 12, insize: 64, pid: 0
   unique: 52, success, outsize: 16
unique: 53, opcode: LOOKUP (1), nodeid: 1, insize: 46, pid: 24948
isfile: 3 is a dir
getattr 0000000000000003 0
isfile: 3 is a dir
isfile: 3 is not a symlink
getdir 0000000000000003
   getattr -> 2318709771 52 53
   unique: 53, success, outsize: 144
unique: 54, opcode: LOOKUP (1), nodeid: 3, insize: 45, pid: 24948
   unique: 54, error: -2 (No such file or directory), outsize: 16
unique: 55, opcode: CREATE (35), nodeid: 3, insize: 61, pid: 24948
create name: xx-9 
applying
applying ok
isfile: 13 is a file
getattr 000000000000000d 1
isfile: 13 is a file
getfile 000000000000000d
getfile 000000000000000d -> sz 0
   getattr -> 0
   unique: 55, success, outsize: 160
OK: create returns.
unique: 56, opcode: WRITE (16), nodeid: 13, insize: 84, pid: 24948
   unique: 56, success, outsize: 24
unique: 57, opcode: RELEASE (18), nodeid: 13, insize: 64, pid: 0
   unique: 57, success, outsize: 16
unique: 58, opcode: LOOKUP (1), nodeid: 1, insize: 46, pid: 24948
isfile: 3 is a dir
getattr 0000000000000003 0
isfile: 3 is a dir
isfile: 3 is not a symlink
getdir 0000000000000003
   getattr -> 2318709774 57 58
   unique: 58, success, outsize: 144
unique: 59, opcode: LOOKUP (1), nodeid: 3, insize: 46, pid: 24948
   unique: 59, error: -2 (No such file or directory), outsize: 16
unique: 60, opcode: CREATE (35), nodeid: 3, insize: 62, pid: 24948
create name: xx-10 
applying
applying ok
isfile: 14 is a file
getattr 000000000000000e 1
isfile: 14 is a file
getfile 000000000000000e
getfile 000000000000000e -> sz 0
   getattr -> 0
   unique: 60, success, outsize: 160
OK: create returns.
unique: 61, opcode: WRITE (16), nodeid: 14, insize: 84, pid: 24948
   unique: 61, success, outsize: 24
unique: 62, opcode: RELEASE (18), nodeid: 14, insize: 64, pid: 0
   unique: 62, success, outsize: 16
unique: 63, opcode: LOOKUP (1), nodeid: 1, insize: 46, pid: 24948
isfile: 3 is a dir
getattr 0000000000000003 0
isfile: 3 is a dir
isfile: 3 is not a symlink
getdir 0000000000000003
   getattr -> 2318709777 62 63
   unique: 63, success, outsize: 144
unique: 64, opcode: LOOKUP (1), nodeid: 3, insize: 46, pid: 24948
   unique: 64, error: -2 (No such file or directory), outsize: 16
unique: 65, opcode: CREATE (35), nodeid: 3, insize: 62, pid: 24948
create name: xx-11 
applying
applying ok
isfile: 15 is a file
getattr 000000000000000f 1
isfile: 15 is a file
getfile 000000000000000f
getfile 000000000000000f -> sz 0
   getattr -> 0
   unique: 65, success, outsize: 160
OK: create returns.
unique: 66, opcode: WRITE (16), nodeid: 15, insize: 84, pid: 24948
   unique: 66, success, outsize: 24
unique: 67, opcode: RELEASE (18), nodeid: 15, insize: 64, pid: 0
   unique: 67, success, outsize: 16
unique: 68, opcode: LOOKUP (1), nodeid: 1, insize: 46, pid: 24948
isfile: 3 is a dir
getattr 0000000000000003 0
isfile: 3 is a dir
isfile: 3 is not a symlink
getdir 0000000000000003
   getattr -> 2318709780 67 68
   unique: 68, success, outsize: 144
unique: 69, opcode: LOOKUP (1), nodeid: 3, insize: 46, pid: 24948
   unique: 69, error: -2 (No such file or directory), outsize: 16
unique: 70, opcode: CREATE (35), nodeid: 3, insize: 62, pid: 24948
create name: xx-12 
applying
applying ok
isfile: 16 is a file
getattr 0000000000000010 1
isfile: 16 is a file
getfile 0000000000000010
getfile 0000000000000010 -> sz 0
   getattr -> 0
   unique: 70, success, outsize: 160
OK: create returns.
unique: 71, opcode: WRITE (16), nodeid: 16, insize: 84, pid: 24948
   unique: 71, success, outsize: 24
unique: 72, opcode: RELEASE (18), nodeid: 16, insize: 64, pid: 0
   unique: 72, success, outsize: 16
unique: 73, opcode: LOOKUP (1), nodeid: 1, insize: 46, pid: 24948
isfile: 3 is a dir
getattr 0000000000000003 0
isfile: 3 is a dir
isfile: 3 is not a symlink
getdir 0000000000000003
   getattr -> 2318709783 72 73
   unique: 73, success, outsize: 144
unique: 74, opcode: LOOKUP (1), nodeid: 3, insize: 46, pid: 24948
   unique: 74, error: -2 (No such file or directory), outsize: 16
unique: 75, opcode: CREATE (35), nodeid: 3, insize: 62, pid: 24948
create name: xx-13 
applying
applying ok
isfile: 17 is a file
getattr 0000000000000011 1
isfile: 17 is a file
getfile 0000000000000011
getfile 0000000000000011 -> sz 0
   getattr -> 0
   unique: 75, success, outsize: 160
OK: create returns.
unique: 76, opcode: WRITE (16), nodeid: 17, insize: 84, pid: 24948
   unique: 76, success, outsize: 24
unique: 77, opcode: RELEASE (18), nodeid: 17, insize: 64, pid: 0
   unique: 77, success, outsize: 16
unique: 78, opcode: LOOKUP (1), nodeid: 1, insize: 46, pid: 24948
isfile: 3 is a dir
getattr 0000000000000003 0
isfile: 3 is a dir
isfile: 3 is not a symlink
getdir 0000000000000003
   getattr -> 2318709786 77 78
   unique: 78, success, outsize: 144
unique: 79, opcode: LOOKUP (1), nodeid: 3, insize: 46, pid: 24948
   unique: 79, error: -2 (No such file or directory), outsize: 16
unique: 80, opcode: CREATE (35), nodeid: 3, insize: 62, pid: 24948
create name: xx-14 
applying
applying ok
isfile: 18 is a file
getattr 0000000000000012 1
isfile: 18 is a file
getfile 0000000000000012
getfile 0000000000000012 -> sz 0
   getattr -> 0
   unique: 80, success, outsize: 160
OK: create returns.
unique: 81, opcode: WRITE (16), nodeid: 18, insize: 84, pid: 24948
   unique: 81, success, outsize: 24
unique: 82, opcode: RELEASE (18), nodeid: 18, insize: 64, pid: 0
   unique: 82, success, outsize: 16
unique: 83, opcode: LOOKUP (1), nodeid: 1, insize: 46, pid: 24948
isfile: 3 is a dir
getattr 0000000000000003 0
isfile: 3 is a dir
isfile: 3 is not a symlink
getdir 0000000000000003
   getattr -> 2318709789 82 83
   unique: 83, success, outsize: 144
unique: 84, opcode: LOOKUP (1), nodeid: 3, insize: 46, pid: 24948
   unique: 84, error: -2 (No such file or directory), outsize: 16
unique: 85, opcode: CREATE (35), nodeid: 3, insize: 62, pid: 24948
create name: xx-15 
applying
applying ok
isfile: 19 is a file
getattr 0000000000000013 1
isfile: 19 is a file
getfile 0000000000000013
getfile 0000000000000013 -> sz 0
   getattr -> 0
   unique: 85, success, outsize: 160
OK: create returns.
unique: 86, opcode: WRITE (16), nodeid: 19, insize: 84, pid: 24948
   unique: 86, success, outsize: 24
unique: 87, opcode: RELEASE (18), nodeid: 19, insize: 64, pid: 0
   unique: 87, success, outsize: 16
unique: 88, opcode: LOOKUP (1), nodeid: 1, insize: 46, pid: 24948
isfile: 3 is a dir
getattr 0000000000000003 0
isfile: 3 is a dir
isfile: 3 is not a symlink
getdir 0000000000000003
   getattr -> 2318709792 87 88
   unique: 88, success, outsize: 144
unique: 89, opcode: LOOKUP (1), nodeid: 3, insize: 46, pid: 24948
   unique: 89, error: -2 (No such file or directory), outsize: 16
unique: 90, opcode: CREATE (35), nodeid: 3, insize: 62, pid: 24948
create name: xx-16 
applying
applying ok
isfile: 20 is a file
getattr 0000000000000014 1
isfile: 20 is a file
getfile 0000000000000014
getfile 0000000000000014 -> sz 0
   getattr -> 0
   unique: 90, success, outsize: 160
OK: create returns.
unique: 91, opcode: WRITE (16), nodeid: 20, insize: 84, pid: 24948
   unique: 91, success, outsize: 24
unique: 92, opcode: RELEASE (18), nodeid: 20, insize: 64, pid: 0
   unique: 92, success, outsize: 16
unique: 93, opcode: LOOKUP (1), nodeid: 1, insize: 46, pid: 24948
isfile: 3 is a dir
getattr 0000000000000003 0
isfile: 3 is a dir
isfile: 3 is not a symlink
getdir 0000000000000003
   getattr -> 2318709795 92 93
   unique: 93, success, outsize: 144
unique: 94, opcode: LOOKUP (1), nodeid: 3, insize: 46, pid: 24948
   unique: 94, error: -2 (No such file or directory), outsize: 16
unique: 95, opcode: CREATE (35), nodeid: 3, insize: 62, pid: 24948
create name: xx-17 
applying
applying ok
isfile: 21 is a file
getattr 0000000000000015 1
isfile: 21 is a file
getfile 0000000000000015
getfile 0000000000000015 -> sz 0
   getattr -> 0
   unique: 95, success, outsize: 160
OK: create returns.
unique: 96, opcode: WRITE (16), nodeid: 21, insize: 84, pid: 24948
   unique: 96, success, outsize: 24
unique: 97, opcode: RELEASE (18), nodeid: 21, insize: 64, pid: 0
   unique: 97, success, outsize: 16
unique: 98, opcode: LOOKUP (1), nodeid: 1, insize: 46, pid: 24948
isfile: 3 is a dir
getattr 0000000000000003 0
isfile: 3 is a dir
isfile: 3 is not a symlink
getdir 0000000000000003
   getattr -> 2318709798 97 98
   unique: 98, success, outsize: 144
unique: 99, opcode: LOOKUP (1), nodeid: 3, insize: 46, pid: 24948
   unique: 99, error: -2 (No such file or directory), outsize: 16
unique: 100, opcode: CREATE (35), nodeid: 3, insize: 62, pid: 24948
create name: xx-18 
applying
applying ok
isfile: 22 is a file
getattr 0000000000000016 1
isfile: 22 is a file
getfile 0000000000000016
getfile 0000000000000016 -> sz 0
   getattr -> 0
   unique: 100, success, outsize: 160
OK: create returns.
unique: 101, opcode: WRITE (16), nodeid: 22, insize: 84, pid: 24948
   unique: 101, success, outsize: 24
unique: 102, opcode: RELEASE (18), nodeid: 22, insize: 64, pid: 0
   unique: 102, success, outsize: 16
unique: 103, opcode: LOOKUP (1), nodeid: 1, insize: 46, pid: 24948
isfile: 3 is a dir
getattr 0000000000000003 0
isfile: 3 is a dir
isfile: 3 is not a symlink
getdir 0000000000000003
   getattr -> 2318709801 102 103
   unique: 103, success, outsize: 144
unique: 104, opcode: LOOKUP (1), nodeid: 3, insize: 46, pid: 24948
   unique: 104, error: -2 (No such file or directory), outsize: 16
unique: 105, opcode: CREATE (35), nodeid: 3, insize: 62, pid: 24948
create name: xx-19 
applying
applying ok
isfile: 23 is a file
getattr 0000000000000017 1
isfile: 23 is a file
getfile 0000000000000017
getfile 0000000000000017 -> sz 0
   getattr -> 0
   unique: 105, success, outsize: 160
OK: create returns.
unique: 106, opcode: WRITE (16), nodeid: 23, insize: 84, pid: 24948
   unique: 106, success, outsize: 24
unique: 107, opcode: RELEASE (18), nodeid: 23, insize: 64, pid: 0
   unique: 107, success, outsize: 16
unique: 108, opcode: LOOKUP (1), nodeid: 1, insize: 46, pid: 24948
isfile: 3 is a dir
getattr 0000000000000003 0
isfile: 3 is a dir
isfile: 3 is not a symlink
getdir 0000000000000003
   getattr -> 2318709804 107 108
   unique: 108, success, outsize: 144
unique: 109, opcode: LOOKUP (1), nodeid: 3, insize: 46, pid: 24948
   unique: 109, error: -2 (No such file or directory), outsize: 16
unique: 110, opcode: CREATE (35), nodeid: 3, insize: 62, pid: 24948
create name: xx-20 
applying
applying ok
isfile: 24 is a file
getattr 0000000000000018 1
isfile: 24 is a file
getfile 0000000000000018
getfile 0000000000000018 -> sz 0
   getattr -> 0
   unique: 110, success, outsize: 160
OK: create returns.
unique: 111, opcode: WRITE (16), nodeid: 24, insize: 84, pid: 24948
   unique: 111, success, outsize: 24
unique: 112, opcode: RELEASE (18), nodeid: 24, insize: 64, pid: 0
   unique: 112, success, outsize: 16
unique: 113, opcode: LOOKUP (1), nodeid: 1, insize: 46, pid: 24948
isfile: 3 is a dir
getattr 0000000000000003 0
isfile: 3 is a dir
isfile: 3 is not a symlink
getdir 0000000000000003
   getattr -> 2318709807 112 113
   unique: 113, success, outsize: 144
unique: 114, opcode: LOOKUP (1), nodeid: 3, insize: 46, pid: 24948
   unique: 114, error: -2 (No such file or directory), outsize: 16
unique: 115, opcode: CREATE (35), nodeid: 3, insize: 62, pid: 24948
create name: xx-21 
applying
applying ok
isfile: 25 is a file
getattr 0000000000000019 1
isfile: 25 is a file
getfile 0000000000000019
getfile 0000000000000019 -> sz 0
   getattr -> 0
   unique: 115, success, outsize: 160
OK: create returns.
unique: 116, opcode: WRITE (16), nodeid: 25, insize: 84, pid: 24948
   unique: 116, success, outsize: 24
unique: 117, opcode: RELEASE (18), nodeid: 25, insize: 64, pid: 0
   unique: 117, success, outsize: 16
unique: 118, opcode: LOOKUP (1), nodeid: 1, insize: 46, pid: 24948
isfile: 3 is a dir
getattr 0000000000000003 0
isfile: 3 is a dir
isfile: 3 is not a symlink
getdir 0000000000000003
   getattr -> 2318709810 117 118
   unique: 118, success, outsize: 144
unique: 119, opcode: LOOKUP (1), nodeid: 3, insize: 46, pid: 24948
   unique: 119, error: -2 (No such file or directory), outsize: 16
unique: 120, opcode: CREATE (35), nodeid: 3, insize: 62, pid: 24948
create name: xx-22 
applying
applying ok
isfile: 26 is a file
getattr 000000000000001a 1
isfile: 26 is a file
getfile 000000000000001a
getfile 000000000000001a -> sz 0
   getattr -> 0
   unique: 120, success, outsize: 160
OK: create returns.
unique: 121, opcode: WRITE (16), nodeid: 26, insize: 84, pid: 24948
   unique: 121, success, outsize: 24
unique: 122, opcode: RELEASE (18), nodeid: 26, insize: 64, pid: 0
   unique: 122, success, outsize: 16
unique: 123, opcode: LOOKUP (1), nodeid: 1, insize: 46, pid: 24948
isfile: 3 is a dir
getattr 0000000000000003 0
isfile: 3 is a dir
isfile: 3 is not a symlink
getdir 0000000000000003
   getattr -> 2318709813 122 123
   unique: 123, success, outsize: 144
unique: 124, opcode: LOOKUP (1), nodeid: 3, insize: 46, pid: 24948
   unique: 124, error: -2 (No such file or directory), outsize: 16
unique: 125, opcode: CREATE (35), nodeid: 3, insize: 62, pid: 24948
create name: xx-23 
applying
applying ok
isfile: 27 is a file
getattr 000000000000001b 1
isfile: 27 is a file
getfile 000000000000001b
getfile 000000000000001b -> sz 0
   getattr -> 0
   unique: 125, success, outsize: 160
OK: create returns.
unique: 126, opcode: WRITE (16), nodeid: 27, insize: 84, pid: 24948
   unique: 126, success, outsize: 24
unique: 127, opcode: RELEASE (18), nodeid: 27, insize: 64, pid: 0
   unique: 127, success, outsize: 16
unique: 128, opcode: LOOKUP (1), nodeid: 1, insize: 46, pid: 24948
isfile: 3 is a dir
getattr 0000000000000003 0
isfile: 3 is a dir
isfile: 3 is not a symlink
getdir 0000000000000003
   getattr -> 2318709816 127 128
   unique: 128, success, outsize: 144
unique: 129, opcode: LOOKUP (1), nodeid: 3, insize: 46, pid: 24948
   unique: 129, error: -2 (No such file or directory), outsize: 16
unique: 130, opcode: CREATE (35), nodeid: 3, insize: 62, pid: 24948
create name: xx-24 
applying
applying ok
isfile: 28 is a file
getattr 000000000000001c 1
isfile: 28 is a file
getfile 000000000000001c
getfile 000000000000001c -> sz 0
   getattr -> 0
   unique: 130, success, outsize: 160
OK: create returns.
unique: 131, opcode: WRITE (16), nodeid: 28, insize: 84, pid: 24948
   unique: 131, success, outsize: 24
unique: 132, opcode: RELEASE (18), nodeid: 28, insize: 64, pid: 0
   unique: 132, success, outsize: 16
unique: 133, opcode: LOOKUP (1), nodeid: 1, insize: 46, pid: 24948
isfile: 3 is a dir
getattr 0000000000000003 0
isfile: 3 is a dir
isfile: 3 is not a symlink
getdir 0000000000000003
   getattr -> 2318709819 132 133
   unique: 133, success, outsize: 144
unique: 134, opcode: LOOKUP (1), nodeid: 3, insize: 46, pid: 24948
   unique: 134, error: -2 (No such file or directory), outsize: 16
unique: 135, opcode: CREATE (35), nodeid: 3, insize: 62, pid: 24948
create name: xx-25 
applying
applying ok
isfile: 29 is a file
getattr 000000000000001d 1
isfile: 29 is a file
getfile 000000000000001d
getfile 000000000000001d -> sz 0
   getattr -> 0
   unique: 135, success, outsize: 160
OK: create returns.
unique: 136, opcode: WRITE (16), nodeid: 29, insize: 84, pid: 24948
   unique: 136, success, outsize: 24
unique: 137, opcode: RELEASE (18), nodeid: 29, insize: 64, pid: 0
   unique: 137, success, outsize: 16
unique: 138, opcode: LOOKUP (1), nodeid: 1, insize: 46, pid: 24948
isfile: 3 is a dir
getattr 0000000000000003 0
isfile: 3 is a dir
isfile: 3 is not a symlink
getdir 0000000000000003
   getattr -> 2318709822 137 138
   unique: 138, success, outsize: 144
unique: 139, opcode: LOOKUP (1), nodeid: 3, insize: 46, pid: 24948
   unique: 139, error: -2 (No such file or directory), outsize: 16
unique: 140, opcode: CREATE (35), nodeid: 3, insize: 62, pid: 24948
create name: xx-26 
applying
applying ok
isfile: 30 is a file
getattr 000000000000001e 1
isfile: 30 is a file
getfile 000000000000001e
getfile 000000000000001e -> sz 0
   getattr -> 0
   unique: 140, success, outsize: 160
OK: create returns.
unique: 141, opcode: WRITE (16), nodeid: 30, insize: 84, pid: 24948
   unique: 141, success, outsize: 24
unique: 142, opcode: RELEASE (18), nodeid: 30, insize: 64, pid: 0
   unique: 142, success, outsize: 16
unique: 143, opcode: LOOKUP (1), nodeid: 1, insize: 46, pid: 24948
isfile: 3 is a dir
getattr 0000000000000003 0
isfile: 3 is a dir
isfile: 3 is not a symlink
getdir 0000000000000003
   getattr -> 2318709825 142 143
   unique: 143, success, outsize: 144
unique: 144, opcode: LOOKUP (1), nodeid: 3, insize: 46, pid: 24948
   unique: 144, error: -2 (No such file or directory), outsize: 16
unique: 145, opcode: CREATE (35), nodeid: 3, insize: 62, pid: 24948
create name: xx-27 
applying
applying ok
isfile: 61 is a file
getattr 000000000000003d 1
isfile: 61 is a file
getfile 000000000000003d
getfile 000000000000003d -> sz 0
   getattr -> 0
   unique: 145, success, outsize: 160
OK: create returns.
unique: 146, opcode: WRITE (16), nodeid: 61, insize: 84, pid: 24948
   unique: 146, success, outsize: 24
unique: 147, opcode: RELEASE (18), nodeid: 61, insize: 64, pid: 0
   unique: 147, success, outsize: 16
unique: 148, opcode: LOOKUP (1), nodeid: 1, insize: 46, pid: 24948
isfile: 3 is a dir
getattr 0000000000000003 0
isfile: 3 is a dir
isfile: 3 is not a symlink
getdir 0000000000000003
   getattr -> 2318709828 298 299
   unique: 148, success, outsize: 144
unique: 149, opcode: LOOKUP (1), nodeid: 3, insize: 46, pid: 24948
   unique: 149, error: -2 (No such file or directory), outsize: 16
unique: 150, opcode: CREATE (35), nodeid: 3, insize: 62, pid: 24948
create name: xx-28 
applying
applying ok
isfile: 63 is a file
getattr 000000000000003f 1
isfile: 63 is a file
getfile 000000000000003f
getfile 000000000000003f -> sz 0
   getattr -> 0
   unique: 150, success, outsize: 160
OK: create returns.
unique: 151, opcode: WRITE (16), nodeid: 63, insize: 84, pid: 24948
   unique: 151, success, outsize: 24
unique: 152, opcode: RELEASE (18), nodeid: 63, insize: 64, pid: 0
   unique: 152, success, outsize: 16
unique: 153, opcode: LOOKUP (1), nodeid: 1, insize: 46, pid: 24948
isfile: 3 is a dir
getattr 0000000000000003 0
isfile: 3 is a dir
isfile: 3 is not a symlink
getdir 0000000000000003
   getattr -> 2318709831 307 308
   unique: 153, success, outsize: 144
unique: 154, opcode: LOOKUP (1), nodeid: 3, insize: 46, pid: 24948
   unique: 154, error: -2 (No such file or directory), outsize: 16
unique: 155, opcode: CREATE (35), nodeid: 3, insize: 62, pid: 24948
create name: xx-29 
applying
applying ok
isfile: 65 is a file
getattr 0000000000000041 1
isfile: 65 is a file
getfile 0000000000000041
getfile 0000000000000041 -> sz 0
   getattr -> 0
   unique: 155, success, outsize: 160
OK: create returns.
unique: 156, opcode: WRITE (16), nodeid: 65, insize: 84, pid: 24948
   unique: 156, success, outsize: 24
unique: 157, opcode: RELEASE (18), nodeid: 65, insize: 64, pid: 0
   unique: 157, success, outsize: 16
unique: 158, opcode: LOOKUP (1), nodeid: 1, insize: 46, pid: 24948
isfile: 3 is a dir
getattr 0000000000000003 0
isfile: 3 is a dir
isfile: 3 is not a symlink
getdir 0000000000000003
   getattr -> 2318709834 317 318
   unique: 158, success, outsize: 144
unique: 159, opcode: LOOKUP (1), nodeid: 3, insize: 46, pid: 24948
   unique: 159, error: -2 (No such file or directory), outsize: 16
unique: 160, opcode: CREATE (35), nodeid: 3, insize: 62, pid: 24948
create name: xx-30 
applying
applying ok
isfile: 67 is a file
getattr 0000000000000043 1
isfile: 67 is a file
getfile 0000000000000043
getfile 0000000000000043 -> sz 0
   getattr -> 0
   unique: 160, success, outsize: 160
OK: create returns.
unique: 161, opcode: WRITE (16), nodeid: 67, insize: 84, pid: 24948
   unique: 161, success, outsize: 24
unique: 162, opcode: RELEASE (18), nodeid: 67, insize: 64, pid: 0
   unique: 162, success, outsize: 16
unique: 163, opcode: LOOKUP (1), nodeid: 1, insize: 46, pid: 24948
isfile: 3 is a dir
getattr 0000000000000003 0
isfile: 3 is a dir
isfile: 3 is not a symlink
getdir 0000000000000003
   getattr -> 2318709837 327 328
   unique: 163, success, outsize: 144
unique: 164, opcode: LOOKUP (1), nodeid: 3, insize: 46, pid: 24948
   unique: 164, error: -2 (No such file or directory), outsize: 16
unique: 165, opcode: CREATE (35), nodeid: 3, insize: 62, pid: 24948
create name: xx-31 
applying
applying ok
isfile: 69 is a file
getattr 0000000000000045 1
isfile: 69 is a file
getfile 0000000000000045
getfile 0000000000000045 -> sz 0
   getattr -> 0
   unique: 165, success, outsize: 160
OK: create returns.
unique: 166, opcode: WRITE (16), nodeid: 69, insize: 84, pid: 24948
   unique: 166, success, outsize: 24
unique: 167, opcode: RELEASE (18), nodeid: 69, insize: 64, pid: 0
   unique: 167, success, outsize: 16
unique: 168, opcode: LOOKUP (1), nodeid: 1, insize: 46, pid: 24948
isfile: 3 is a dir
getattr 0000000000000003 0
isfile: 3 is a dir
isfile: 3 is not a symlink
getdir 0000000000000003
   getattr -> 2318709840 337 338
   unique: 168, success, outsize: 144
unique: 169, opcode: LOOKUP (1), nodeid: 3, insize: 46, pid: 24948
   unique: 169, error: -2 (No such file or directory), outsize: 16
unique: 170, opcode: CREATE (35), nodeid: 3, insize: 62, pid: 24948
create name: xx-32 
applying
applying ok
isfile: 71 is a file
getattr 0000000000000047 1
isfile: 71 is a file
getfile 0000000000000047
getfile 0000000000000047 -> sz 0
   getattr -> 0
   unique: 170, success, outsize: 160
OK: create returns.
unique: 171, opcode: WRITE (16), nodeid: 71, insize: 84, pid: 24948
   unique: 171, success, outsize: 24
unique: 172, opcode: RELEASE (18), nodeid: 71, insize: 64, pid: 0
   unique: 172, success, outsize: 16
unique: 173, opcode: LOOKUP (1), nodeid: 1, insize: 46, pid: 24948
isfile: 3 is a dir
getattr 0000000000000003 0
isfile: 3 is a dir
isfile: 3 is not a symlink
getdir 0000000000000003
   getattr -> 2318709843 347 348
   unique: 173, success, outsize: 144
unique: 174, opcode: LOOKUP (1), nodeid: 3, insize: 46, pid: 24948
   unique: 174, error: -2 (No such file or directory), outsize: 16
unique: 175, opcode: CREATE (35), nodeid: 3, insize: 62, pid: 24948
create name: xx-33 
applying
applying ok
isfile: 73 is a file
getattr 0000000000000049 1
isfile: 73 is a file
getfile 0000000000000049
getfile 0000000000000049 -> sz 0
   getattr -> 0
   unique: 175, success, outsize: 160
OK: create returns.
unique: 176, opcode: WRITE (16), nodeid: 73, insize: 84, pid: 24948
   unique: 176, success, outsize: 24
unique: 177, opcode: RELEASE (18), nodeid: 73, insize: 64, pid: 0
   unique: 177, success, outsize: 16
unique: 178, opcode: LOOKUP (1), nodeid: 1, insize: 46, pid: 24948
isfile: 3 is a dir
getattr 0000000000000003 0
isfile: 3 is a dir
isfile: 3 is not a symlink
getdir 0000000000000003
   getattr -> 2318709846 357 358
   unique: 178, success, outsize: 144
unique: 179, opcode: LOOKUP (1), nodeid: 3, insize: 46, pid: 24948
   unique: 179, error: -2 (No such file or directory), outsize: 16
unique: 180, opcode: CREATE (35), nodeid: 3, insize: 62, pid: 24948
create name: xx-34 
applying
applying ok
isfile: 75 is a file
getattr 000000000000004b 1
isfile: 75 is a file
getfile 000000000000004b
getfile 000000000000004b -> sz 0
   getattr -> 0
   unique: 180, success, outsize: 160
OK: create returns.
unique: 181, opcode: WRITE (16), nodeid: 75, insize: 84, pid: 24948
   unique: 181, success, outsize: 24
unique: 182, opcode: RELEASE (18), nodeid: 75, insize: 64, pid: 0
   unique: 182, success, outsize: 16
unique: 183, opcode: LOOKUP (1), nodeid: 1, insize: 46, pid: 24948
isfile: 3 is a dir
getattr 0000000000000003 0
isfile: 3 is a dir
isfile: 3 is not a symlink
getdir 0000000000000003
   getattr -> 2318709849 367 368
   unique: 183, success, outsize: 144
unique: 184, opcode: LOOKUP (1), nodeid: 3, insize: 46, pid: 24948
   unique: 184, error: -2 (No such file or directory), outsize: 16
unique: 185, opcode: CREATE (35), nodeid: 3, insize: 62, pid: 24948
create name: xx-35 
applying
applying ok
isfile: 77 is a file
getattr 000000000000004d 1
isfile: 77 is a file
getfile 000000000000004d
getfile 000000000000004d -> sz 0
   getattr -> 0
   unique: 185, success, outsize: 160
OK: create returns.
unique: 186, opcode: WRITE (16), nodeid: 77, insize: 84, pid: 24948
   unique: 186, success, outsize: 24
unique: 187, opcode: RELEASE (18), nodeid: 77, insize: 64, pid: 0
   unique: 187, success, outsize: 16
unique: 188, opcode: LOOKUP (1), nodeid: 1, insize: 46, pid: 24948
isfile: 3 is a dir
getattr 0000000000000003 0
isfile: 3 is a dir
isfile: 3 is not a symlink
getdir 0000000000000003
   getattr -> 2318709852 377 378
   unique: 188, success, outsize: 144
unique: 189, opcode: LOOKUP (1), nodeid: 3, insize: 46, pid: 24948
   unique: 189, error: -2 (No such file or directory), outsize: 16
unique: 190, opcode: CREATE (35), nodeid: 3, insize: 62, pid: 24948
create name: xx-36 
applying
applying ok
isfile: 79 is a file
getattr 000000000000004f 1
isfile: 79 is a file
getfile 000000000000004f
getfile 000000000000004f -> sz 0
   getattr -> 0
   unique: 190, success, outsize: 160
OK: create returns.
unique: 191, opcode: WRITE (16), nodeid: 79, insize: 84, pid: 24948
   unique: 191, success, outsize: 24
unique: 192, opcode: RELEASE (18), nodeid: 79, insize: 64, pid: 0
   unique: 192, success, outsize: 16
unique: 193, opcode: LOOKUP (1), nodeid: 1, insize: 46, pid: 24948
isfile: 3 is a dir
getattr 0000000000000003 0
isfile: 3 is a dir
isfile: 3 is not a symlink
getdir 0000000000000003
   getattr -> 2318709855 387 388
   unique: 193, success, outsize: 144
unique: 194, opcode: LOOKUP (1), nodeid: 3, insize: 46, pid: 24948
   unique: 194, error: -2 (No such file or directory), outsize: 16
unique: 195, opcode: CREATE (35), nodeid: 3, insize: 62, pid: 24948
create name: xx-37 
applying
applying ok
isfile: 81 is a file
getattr 0000000000000051 1
isfile: 81 is a file
getfile 0000000000000051
getfile 0000000000000051 -> sz 0
   getattr -> 0
   unique: 195, success, outsize: 160
OK: create returns.
unique: 196, opcode: WRITE (16), nodeid: 81, insize: 84, pid: 24948
   unique: 196, success, outsize: 24
unique: 197, opcode: RELEASE (18), nodeid: 81, insize: 64, pid: 0
   unique: 197, success, outsize: 16
unique: 198, opcode: LOOKUP (1), nodeid: 1, insize: 46, pid: 24948
isfile: 3 is a dir
getattr 0000000000000003 0
isfile: 3 is a dir
isfile: 3 is not a symlink
getdir 0000000000000003
   getattr -> 2318709858 397 398
   unique: 198, success, outsize: 144
unique: 199, opcode: LOOKUP (1), nodeid: 3, insize: 46, pid: 24948
   unique: 199, error: -2 (No such file or directory), outsize: 16
unique: 200, opcode: CREATE (35), nodeid: 3, insize: 62, pid: 24948
create name: xx-38 
applying
applying ok
isfile: 84 is a file
getattr 0000000000000054 1
isfile: 84 is a file
getfile 0000000000000054
getfile 0000000000000054 -> sz 0
   getattr -> 0
   unique: 200, success, outsize: 160
OK: create returns.
unique: 201, opcode: WRITE (16), nodeid: 84, insize: 84, pid: 24948
   unique: 201, success, outsize: 24
unique: 202, opcode: RELEASE (18), nodeid: 84, insize: 64, pid: 0
   unique: 202, success, outsize: 16
unique: 203, opcode: LOOKUP (1), nodeid: 1, insize: 46, pid: 24948
isfile: 3 is a dir
getattr 0000000000000003 0
isfile: 3 is a dir
isfile: 3 is not a symlink
getdir 0000000000000003
   getattr -> 2318709861 412 413
   unique: 203, success, outsize: 144
unique: 204, opcode: LOOKUP (1), nodeid: 3, insize: 46, pid: 24948
   unique: 204, error: -2 (No such file or directory), outsize: 16
unique: 205, opcode: CREATE (35), nodeid: 3, insize: 62, pid: 24948
create name: xx-39 
applying
applying ok
isfile: 86 is a file
getattr 0000000000000056 1
isfile: 86 is a file
getfile 0000000000000056
getfile 0000000000000056 -> sz 0
   getattr -> 0
   unique: 205, success, outsize: 160
OK: create returns.
unique: 206, opcode: WRITE (16), nodeid: 86, insize: 84, pid: 24948
   unique: 206, success, outsize: 24
unique: 207, opcode: RELEASE (18), nodeid: 86, insize: 64, pid: 0
   unique: 207, success, outsize: 16
unique: 208, opcode: LOOKUP (1), nodeid: 1, insize: 46, pid: 24948
isfile: 3 is a dir
getattr 0000000000000003 0
isfile: 3 is a dir
isfile: 3 is not a symlink
getdir 0000000000000003
   getattr -> 2318709864 422 423
   unique: 208, success, outsize: 144
unique: 209, opcode: LOOKUP (1), nodeid: 3, insize: 46, pid: 24948
   unique: 209, error: -2 (No such file or directory), outsize: 16
unique: 210, opcode: CREATE (35), nodeid: 3, insize: 62, pid: 24948
create name: xx-40 
applying
applying ok
isfile: 88 is a file
getattr 0000000000000058 1
isfile: 88 is a file
getfile 0000000000000058
getfile 0000000000000058 -> sz 0
   getattr -> 0
   unique: 210, success, outsize: 160
OK: create returns.
unique: 211, opcode: WRITE (16), nodeid: 88, insize: 84, pid: 24948
   unique: 211, success, outsize: 24
unique: 212, opcode: RELEASE (18), nodeid: 88, insize: 64, pid: 0
   unique: 212, success, outsize: 16
unique: 213, opcode: LOOKUP (1), nodeid: 1, insize: 46, pid: 24948
isfile: 3 is a dir
getattr 0000000000000003 0
isfile: 3 is a dir
isfile: 3 is not a symlink
getdir 0000000000000003
   getattr -> 2318709867 432 433
   unique: 213, success, outsize: 144
unique: 214, opcode: LOOKUP (1), nodeid: 3, insize: 46, pid: 24948
   unique: 214, error: -2 (No such file or directory), outsize: 16
unique: 215, opcode: CREATE (35), nodeid: 3, insize: 62, pid: 24948
create name: xx-41 
applying
applying ok
isfile: 90 is a file
getattr 000000000000005a 1
isfile: 90 is a file
getfile 000000000000005a
getfile 000000000000005a -> sz 0
   getattr -> 0
   unique: 215, success, outsize: 160
OK: create returns.
unique: 216, opcode: WRITE (16), nodeid: 90, insize: 84, pid: 24948
   unique: 216, success, outsize: 24
unique: 217, opcode: RELEASE (18), nodeid: 90, insize: 64, pid: 0
   unique: 217, success, outsize: 16
unique: 218, opcode: LOOKUP (1), nodeid: 1, insize: 46, pid: 24948
isfile: 3 is a dir
getattr 0000000000000003 0
isfile: 3 is a dir
isfile: 3 is not a symlink
getdir 0000000000000003
   getattr -> 2318709870 442 443
   unique: 218, success, outsize: 144
unique: 219, opcode: LOOKUP (1), nodeid: 3, insize: 46, pid: 24948
   unique: 219, error: -2 (No such file or directory), outsize: 16
unique: 220, opcode: CREATE (35), nodeid: 3, insize: 62, pid: 24948
create name: xx-42 
applying
applying ok
isfile: 92 is a file
getattr 000000000000005c 1
isfile: 92 is a file
getfile 000000000000005c
getfile 000000000000005c -> sz 0
   getattr -> 0
   unique: 220, success, outsize: 160
OK: create returns.
unique: 221, opcode: WRITE (16), nodeid: 92, insize: 84, pid: 24948
   unique: 221, success, outsize: 24
unique: 222, opcode: RELEASE (18), nodeid: 92, insize: 64, pid: 0
   unique: 222, success, outsize: 16
unique: 223, opcode: LOOKUP (1), nodeid: 1, insize: 46, pid: 24948
isfile: 3 is a dir
getattr 0000000000000003 0
isfile: 3 is a dir
isfile: 3 is not a symlink
getdir 0000000000000003
   getattr -> 2318709873 452 453
   unique: 223, success, outsize: 144
unique: 224, opcode: LOOKUP (1), nodeid: 3, insize: 46, pid: 24948
   unique: 224, error: -2 (No such file or directory), outsize: 16
unique: 225, opcode: CREATE (35), nodeid: 3, insize: 62, pid: 24948
create name: xx-43 
applying
applying ok
isfile: 94 is a file
getattr 000000000000005e 1
isfile: 94 is a file
getfile 000000000000005e
getfile 000000000000005e -> sz 0
   getattr -> 0
   unique: 225, success, outsize: 160
OK: create returns.
unique: 226, opcode: WRITE (16), nodeid: 94, insize: 84, pid: 24948
   unique: 226, success, outsize: 24
unique: 227, opcode: RELEASE (18), nodeid: 94, insize: 64, pid: 0
   unique: 227, success, outsize: 16
unique: 228, opcode: LOOKUP (1), nodeid: 1, insize: 46, pid: 24948
isfile: 3 is a dir
getattr 0000000000000003 0
isfile: 3 is a dir
isfile: 3 is not a symlink
getdir 0000000000000003
   getattr -> 2318709876 462 463
   unique: 228, success, outsize: 144
unique: 229, opcode: LOOKUP (1), nodeid: 3, insize: 46, pid: 24948
   unique: 229, error: -2 (No such file or directory), outsize: 16
unique: 230, opcode: CREATE (35), nodeid: 3, insize: 62, pid: 24948
create name: xx-44 
applying
applying ok
isfile: 96 is a file
getattr 0000000000000060 1
isfile: 96 is a file
getfile 0000000000000060
getfile 0000000000000060 -> sz 0
   getattr -> 0
   unique: 230, success, outsize: 160
OK: create returns.
unique: 231, opcode: WRITE (16), nodeid: 96, insize: 84, pid: 24948
   unique: 231, success, outsize: 24
unique: 232, opcode: RELEASE (18), nodeid: 96, insize: 64, pid: 0
   unique: 232, success, outsize: 16
unique: 233, opcode: LOOKUP (1), nodeid: 1, insize: 46, pid: 24948
isfile: 3 is a dir
getattr 0000000000000003 0
isfile: 3 is a dir
isfile: 3 is not a symlink
getdir 0000000000000003
   getattr -> 2318709879 472 473
   unique: 233, success, outsize: 144
unique: 234, opcode: LOOKUP (1), nodeid: 3, insize: 46, pid: 24948
   unique: 234, error: -2 (No such file or directory), outsize: 16
unique: 235, opcode: CREATE (35), nodeid: 3, insize: 62, pid: 24948
create name: xx-45 
applying
applying ok
isfile: 98 is a file
getattr 0000000000000062 1
isfile: 98 is a file
getfile 0000000000000062
getfile 0000000000000062 -> sz 0
   getattr -> 0
   unique: 235, success, outsize: 160
OK: create returns.
unique: 236, opcode: WRITE (16), nodeid: 98, insize: 84, pid: 24948
   unique: 236, success, outsize: 24
unique: 237, opcode: RELEASE (18), nodeid: 98, insize: 64, pid: 0
   unique: 237, success, outsize: 16
unique: 238, opcode: LOOKUP (1), nodeid: 1, insize: 46, pid: 24948
isfile: 3 is a dir
getattr 0000000000000003 0
isfile: 3 is a dir
isfile: 3 is not a symlink
getdir 0000000000000003
   getattr -> 2318709882 482 483
   unique: 238, success, outsize: 144
unique: 239, opcode: LOOKUP (1), nodeid: 3, insize: 46, pid: 24948
   unique: 239, error: -2 (No such file or directory), outsize: 16
unique: 240, opcode: CREATE (35), nodeid: 3, insize: 62, pid: 24948
create name: xx-46 
applying
applying ok
isfile: 100 is a file
getattr 0000000000000064 1
isfile: 100 is a file
getfile 0000000000000064
getfile 0000000000000064 -> sz 0
   getattr -> 0
   unique: 240, success, outsize: 160
OK: create returns.
unique: 241, opcode: WRITE (16), nodeid: 100, insize: 84, pid: 24948
   unique: 241, success, outsize: 24
unique: 242, opcode: RELEASE (18), nodeid: 100, insize: 64, pid: 0
   unique: 242, success, outsize: 16
unique: 243, opcode: LOOKUP (1), nodeid: 1, insize: 46, pid: 24948
isfile: 3 is a dir
getattr 0000000000000003 0
isfile: 3 is a dir
isfile: 3 is not a symlink
getdir 0000000000000003
   getattr -> 2318709885 492 493
   unique: 243, success, outsize: 144
unique: 244, opcode: LOOKUP (1), nodeid: 3, insize: 46, pid: 24948
   unique: 244, error: -2 (No such file or directory), outsize: 16
unique: 245, opcode: CREATE (35), nodeid: 3, insize: 62, pid: 24948
create name: xx-47 
applying
applying ok
isfile: 102 is a file
getattr 0000000000000066 1
isfile: 102 is a file
getfile 0000000000000066
getfile 0000000000000066 -> sz 0
   getattr -> 0
   unique: 245, success, outsize: 160
OK: create returns.
unique: 246, opcode: WRITE (16), nodeid: 102, insize: 84, pid: 24948
   unique: 246, success, outsize: 24
unique: 247, opcode: RELEASE (18), nodeid: 102, insize: 64, pid: 0
   unique: 247, success, outsize: 16
unique: 248, opcode: LOOKUP (1), nodeid: 1, insize: 46, pid: 24948
isfile: 3 is a dir
getattr 0000000000000003 0
isfile: 3 is a dir
isfile: 3 is not a symlink
getdir 0000000000000003
   getattr -> 2318709888 502 503
   unique: 248, success, outsize: 144
unique: 249, opcode: LOOKUP (1), nodeid: 3, insize: 46, pid: 24948
   unique: 249, error: -2 (No such file or directory), outsize: 16
unique: 250, opcode: CREATE (35), nodeid: 3, insize: 62, pid: 24948
create name: xx-48 
applying
applying ok
isfile: 104 is a file
getattr 0000000000000068 1
isfile: 104 is a file
getfile 0000000000000068
getfile 0000000000000068 -> sz 0
   getattr -> 0
   unique: 250, success, outsize: 160
OK: create returns.
unique: 251, opcode: WRITE (16), nodeid: 104, insize: 84, pid: 24948
   unique: 251, success, outsize: 24
unique: 252, opcode: RELEASE (18), nodeid: 104, insize: 64, pid: 0
   unique: 252, success, outsize: 16
unique: 253, opcode: LOOKUP (1), nodeid: 1, insize: 46, pid: 24948
isfile: 3 is a dir
getattr 0000000000000003 0
isfile: 3 is a dir
isfile: 3 is not a symlink
getdir 0000000000000003
   getattr -> 2318709891 512 513
   unique: 253, success, outsize: 144
unique: 254, opcode: LOOKUP (1), nodeid: 3, insize: 46, pid: 24948
   unique: 254, error: -2 (No such file or directory), outsize: 16
unique: 255, opcode: CREATE (35), nodeid: 3, insize: 62, pid: 24948
create name: xx-49 
applying
applying ok
isfile: 106 is a file
getattr 000000000000006a 1
isfile: 106 is a file
getfile 000000000000006a
getfile 000000000000006a -> sz 0
   getattr -> 0
   unique: 255, success, outsize: 160
OK: create returns.
unique: 256, opcode: WRITE (16), nodeid: 106, insize: 84, pid: 24948
   unique: 256, success, outsize: 24
unique: 257, opcode: RELEASE (18), nodeid: 106, insize: 64, pid: 0
   unique: 257, success, outsize: 16
unique: 258, opcode: LOOKUP (1), nodeid: 1, insize: 46, pid: 24948
isfile: 3 is a dir
getattr 0000000000000003 0
isfile: 3 is a dir
isfile: 3 is not a symlink
getdir 0000000000000003
   getattr -> 2318709894 522 523
   unique: 258, success, outsize: 144
unique: 259, opcode: LOOKUP (1), nodeid: 3, insize: 46, pid: 24948
   unique: 259, error: -2 (No such file or directory), outsize: 16
unique: 260, opcode: CREATE (35), nodeid: 3, insize: 62, pid: 24948
create name: xx-50 
applying
applying ok
isfile: 108 is a file
getattr 000000000000006c 1
isfile: 108 is a file
getfile 000000000000006c
getfile 000000000000006c -> sz 0
   getattr -> 0
   unique: 260, success, outsize: 160
OK: create returns.
unique: 261, opcode: WRITE (16), nodeid: 108, insize: 84, pid: 24948
   unique: 261, success, outsize: 24
unique: 262, opcode: RELEASE (18), nodeid: 108, insize: 64, pid: 0
   unique: 262, success, outsize: 16
unique: 263, opcode: LOOKUP (1), nodeid: 1, insize: 46, pid: 24948
isfile: 3 is a dir
getattr 0000000000000003 0
isfile: 3 is a dir
isfile: 3 is not a symlink
getdir 0000000000000003
   getattr -> 2318709897 532 533
   unique: 263, success, outsize: 144
unique: 264, opcode: LOOKUP (1), nodeid: 3, insize: 46, pid: 24948
   unique: 264, error: -2 (No such file or directory), outsize: 16
unique: 265, opcode: CREATE (35), nodeid: 3, insize: 62, pid: 24948
create name: xx-51 
applying
applying ok
isfile: 110 is a file
getattr 000000000000006e 1
isfile: 110 is a file
getfile 000000000000006e
getfile 000000000000006e -> sz 0
   getattr -> 0
   unique: 265, success, outsize: 160
OK: create returns.
unique: 266, opcode: WRITE (16), nodeid: 110, insize: 84, pid: 24948
   unique: 266, success, outsize: 24
unique: 267, opcode: RELEASE (18), nodeid: 110, insize: 64, pid: 0
   unique: 267, success, outsize: 16
unique: 268, opcode: LOOKUP (1), nodeid: 1, insize: 46, pid: 24948
isfile: 3 is a dir
getattr 0000000000000003 0
isfile: 3 is a dir
isfile: 3 is not a symlink
getdir 0000000000000003
   getattr -> 2318709900 542 543
   unique: 268, success, outsize: 144
unique: 269, opcode: LOOKUP (1), nodeid: 3, insize: 46, pid: 24948
   unique: 269, error: -2 (No such file or directory), outsize: 16
unique: 270, opcode: CREATE (35), nodeid: 3, insize: 62, pid: 24948
create name: xx-52 
applying
applying ok
isfile: 112 is a file
getattr 0000000000000070 1
isfile: 112 is a file
getfile 0000000000000070
getfile 0000000000000070 -> sz 0
   getattr -> 0
   unique: 270, success, outsize: 160
OK: create returns.
unique: 271, opcode: WRITE (16), nodeid: 112, insize: 84, pid: 24948
   unique: 271, success, outsize: 24
unique: 272, opcode: RELEASE (18), nodeid: 112, insize: 64, pid: 0
   unique: 272, success, outsize: 16
unique: 273, opcode: LOOKUP (1), nodeid: 1, insize: 46, pid: 24948
isfile: 3 is a dir
getattr 0000000000000003 0
isfile: 3 is a dir
isfile: 3 is not a symlink
getdir 0000000000000003
   getattr -> 2318709903 552 553
   unique: 273, success, outsize: 144
unique: 274, opcode: LOOKUP (1), nodeid: 3, insize: 46, pid: 24948
   unique: 274, error: -2 (No such file or directory), outsize: 16
unique: 275, opcode: CREATE (35), nodeid: 3, insize: 62, pid: 24948
create name: xx-53 
applying
applying ok
isfile: 114 is a file
getattr 0000000000000072 1
isfile: 114 is a file
getfile 0000000000000072
getfile 0000000000000072 -> sz 0
   getattr -> 0
   unique: 275, success, outsize: 160
OK: create returns.
unique: 276, opcode: WRITE (16), nodeid: 114, insize: 84, pid: 24948
   unique: 276, success, outsize: 24
unique: 277, opcode: RELEASE (18), nodeid: 114, insize: 64, pid: 0
   unique: 277, success, outsize: 16
unique: 278, opcode: LOOKUP (1), nodeid: 1, insize: 46, pid: 24948
isfile: 3 is a dir
getattr 0000000000000003 0
isfile: 3 is a dir
isfile: 3 is not a symlink
getdir 0000000000000003
   getattr -> 2318709906 562 563
   unique: 278, success, outsize: 144
unique: 279, opcode: LOOKUP (1), nodeid: 3, insize: 46, pid: 24948
   unique: 279, error: -2 (No such file or directory), outsize: 16
unique: 280, opcode: CREATE (35), nodeid: 3, insize: 62, pid: 24948
create name: xx-54 
applying
applying ok
isfile: 116 is a file
getattr 0000000000000074 1
isfile: 116 is a file
getfile 0000000000000074
getfile 0000000000000074 -> sz 0
   getattr -> 0
   unique: 280, success, outsize: 160
OK: create returns.
unique: 281, opcode: WRITE (16), nodeid: 116, insize: 84, pid: 24948
   unique: 281, success, outsize: 24
unique: 282, opcode: RELEASE (18), nodeid: 116, insize: 64, pid: 0
   unique: 282, success, outsize: 16
unique: 283, opcode: LOOKUP (1), nodeid: 1, insize: 46, pid: 24948
isfile: 3 is a dir
getattr 0000000000000003 0
isfile: 3 is a dir
isfile: 3 is not a symlink
getdir 0000000000000003
   getattr -> 2318709909 572 573
   unique: 283, success, outsize: 144
unique: 284, opcode: LOOKUP (1), nodeid: 3, insize: 46, pid: 24948
   unique: 284, error: -2 (No such file or directory), outsize: 16
unique: 285, opcode: CREATE (35), nodeid: 3, insize: 62, pid: 24948
create name: xx-55 
applying
applying ok
isfile: 118 is a file
getattr 0000000000000076 1
isfile: 118 is a file
getfile 0000000000000076
getfile 0000000000000076 -> sz 0
   getattr -> 0
   unique: 285, success, outsize: 160
OK: create returns.
unique: 286, opcode: WRITE (16), nodeid: 118, insize: 84, pid: 24948
   unique: 286, success, outsize: 24
unique: 287, opcode: RELEASE (18), nodeid: 118, insize: 64, pid: 0
   unique: 287, success, outsize: 16
unique: 288, opcode: LOOKUP (1), nodeid: 1, insize: 46, pid: 24948
isfile: 3 is a dir
getattr 0000000000000003 0
isfile: 3 is a dir
isfile: 3 is not a symlink
getdir 0000000000000003
   getattr -> 2318709912 582 583
   unique: 288, success, outsize: 144
unique: 289, opcode: LOOKUP (1), nodeid: 3, insize: 46, pid: 24948
   unique: 289, error: -2 (No such file or directory), outsize: 16
unique: 290, opcode: CREATE (35), nodeid: 3, insize: 62, pid: 24948
create name: xx-56 
applying
applying ok
isfile: 120 is a file
getattr 0000000000000078 1
isfile: 120 is a file
getfile 0000000000000078
getfile 0000000000000078 -> sz 0
   getattr -> 0
   unique: 290, success, outsize: 160
OK: create returns.
unique: 291, opcode: WRITE (16), nodeid: 120, insize: 84, pid: 24948
   unique: 291, success, outsize: 24
unique: 292, opcode: RELEASE (18), nodeid: 120, insize: 64, pid: 0
   unique: 292, success, outsize: 16
unique: 293, opcode: LOOKUP (1), nodeid: 1, insize: 46, pid: 24948
isfile: 3 is a dir
getattr 0000000000000003 0
isfile: 3 is a dir
isfile: 3 is not a symlink
getdir 0000000000000003
   getattr -> 2318709915 592 593
   unique: 293, success, outsize: 144
unique: 294, opcode: LOOKUP (1), nodeid: 3, insize: 46, pid: 24948
   unique: 294, error: -2 (No such file or directory), outsize: 16
unique: 295, opcode: CREATE (35), nodeid: 3, insize: 62, pid: 24948
create name: xx-57 
applying
applying ok
isfile: 122 is a file
getattr 000000000000007a 1
isfile: 122 is a file
getfile 000000000000007a
getfile 000000000000007a -> sz 0
   getattr -> 0
   unique: 295, success, outsize: 160
OK: create returns.
unique: 296, opcode: WRITE (16), nodeid: 122, insize: 84, pid: 24948
   unique: 296, success, outsize: 24
unique: 297, opcode: RELEASE (18), nodeid: 122, insize: 64, pid: 0
   unique: 297, success, outsize: 16
unique: 298, opcode: LOOKUP (1), nodeid: 1, insize: 46, pid: 24948
isfile: 3 is a dir
getattr 0000000000000003 0
isfile: 3 is a dir
isfile: 3 is not a symlink
getdir 0000000000000003
   getattr -> 2318709918 602 603
   unique: 298, success, outsize: 144
unique: 299, opcode: LOOKUP (1), nodeid: 3, insize: 46, pid: 24948
   unique: 299, error: -2 (No such file or directory), outsize: 16
unique: 300, opcode: CREATE (35), nodeid: 3, insize: 62, pid: 24948
create name: xx-58 
applying
applying ok
isfile: 124 is a file
getattr 000000000000007c 1
isfile: 124 is a file
getfile 000000000000007c
getfile 000000000000007c -> sz 0
   getattr -> 0
   unique: 300, success, outsize: 160
OK: create returns.
unique: 301, opcode: WRITE (16), nodeid: 124, insize: 84, pid: 24948
   unique: 301, success, outsize: 24
unique: 302, opcode: RELEASE (18), nodeid: 124, insize: 64, pid: 0
   unique: 302, success, outsize: 16
unique: 303, opcode: LOOKUP (1), nodeid: 1, insize: 46, pid: 24948
isfile: 3 is a dir
getattr 0000000000000003 0
isfile: 3 is a dir
isfile: 3 is not a symlink
getdir 0000000000000003
   getattr -> 2318709921 612 613
   unique: 303, success, outsize: 144
unique: 304, opcode: LOOKUP (1), nodeid: 3, insize: 46, pid: 24948
   unique: 304, error: -2 (No such file or directory), outsize: 16
unique: 305, opcode: CREATE (35), nodeid: 3, insize: 62, pid: 24948
create name: xx-59 
applying
applying ok
isfile: 126 is a file
getattr 000000000000007e 1
isfile: 126 is a file
getfile 000000000000007e
getfile 000000000000007e -> sz 0
   getattr -> 0
   unique: 305, success, outsize: 160
OK: create returns.
unique: 306, opcode: WRITE (16), nodeid: 126, insize: 84, pid: 24948
   unique: 306, success, outsize: 24
unique: 307, opcode: RELEASE (18), nodeid: 126, insize: 64, pid: 0
   unique: 307, success, outsize: 16
unique: 308, opcode: LOOKUP (1), nodeid: 1, insize: 46, pid: 24948
isfile: 3 is a dir
getattr 0000000000000003 0
isfile: 3 is a dir
isfile: 3 is not a symlink
getdir 0000000000000003
   getattr -> 2318709924 622 623
   unique: 308, success, outsize: 144
unique: 309, opcode: LOOKUP (1), nodeid: 3, insize: 46, pid: 24948
   unique: 309, error: -2 (No such file or directory), outsize: 16
unique: 310, opcode: CREATE (35), nodeid: 3, insize: 62, pid: 24948
create name: xx-60 
applying
applying ok
isfile: 148 is a file
getattr 0000000000000094 1
isfile: 148 is a file
getfile 0000000000000094
getfile 0000000000000094 -> sz 0
   getattr -> 0
   unique: 310, success, outsize: 160
OK: create returns.
unique: 311, opcode: WRITE (16), nodeid: 148, insize: 84, pid: 24948
   unique: 311, success, outsize: 24
unique: 312, opcode: RELEASE (18), nodeid: 148, insize: 64, pid: 0
   unique: 312, success, outsize: 16
unique: 313, opcode: LOOKUP (1), nodeid: 1, insize: 46, pid: 24948
isfile: 3 is a dir
getattr 0000000000000003 0
isfile: 3 is a dir
isfile: 3 is not a symlink
getdir 0000000000000003
   getattr -> 2318709927 730 731
   unique: 313, success, outsize: 144
unique: 314, opcode: LOOKUP (1), nodeid: 3, insize: 46, pid: 24948
   unique: 314, error: -2 (No such file or directory), outsize: 16
unique: 315, opcode: CREATE (35), nodeid: 3, insize: 62, pid: 24948
create name: xx-61 
applying
applying ok
isfile: 149 is a file
getattr 0000000000000095 1
isfile: 149 is a file
getfile 0000000000000095
getfile 0000000000000095 -> sz 0
   getattr -> 0
   unique: 315, success, outsize: 160
OK: create returns.
unique: 316, opcode: WRITE (16), nodeid: 149, insize: 84, pid: 24948
   unique: 316, success, outsize: 24
unique: 317, opcode: RELEASE (18), nodeid: 149, insize: 64, pid: 0
   unique: 317, success, outsize: 16
unique: 318, opcode: LOOKUP (1), nodeid: 1, insize: 46, pid: 24948
isfile: 3 is a dir
getattr 0000000000000003 0
isfile: 3 is a dir
isfile: 3 is not a symlink
getdir 0000000000000003
   getattr -> 2318709930 735 736
   unique: 318, success, outsize: 144
unique: 319, opcode: LOOKUP (1), nodeid: 3, insize: 46, pid: 24948
   unique: 319, error: -2 (No such file or directory), outsize: 16
unique: 320, opcode: CREATE (35), nodeid: 3, insize: 62, pid: 24948
create name: xx-62 
applying
applying ok
isfile: 150 is a file
getattr 0000000000000096 1
isfile: 150 is a file
getfile 0000000000000096
getfile 0000000000000096 -> sz 0
   getattr -> 0
   unique: 320, success, outsize: 160
OK: create returns.
unique: 321, opcode: WRITE (16), nodeid: 150, insize: 84, pid: 24948
   unique: 321, success, outsize: 24
unique: 322, opcode: RELEASE (18), nodeid: 150, insize: 64, pid: 0
   unique: 322, success, outsize: 16
unique: 323, opcode: LOOKUP (1), nodeid: 1, insize: 46, pid: 24948
isfile: 3 is a dir
getattr 0000000000000003 0
isfile: 3 is a dir
isfile: 3 is not a symlink
getdir 0000000000000003
   getattr -> 2318709933 740 741
   unique: 323, success, outsize: 144
unique: 324, opcode: LOOKUP (1), nodeid: 3, insize: 46, pid: 24948
   unique: 324, error: -2 (No such file or directory), outsize: 16
unique: 325, opcode: CREATE (35), nodeid: 3, insize: 62, pid: 24948
create name: xx-63 
applying
applying ok
isfile: 151 is a file
getattr 0000000000000097 1
isfile: 151 is a file
getfile 0000000000000097
getfile 0000000000000097 -> sz 0
   getattr -> 0
   unique: 325, success, outsize: 160
OK: create returns.
unique: 326, opcode: WRITE (16), nodeid: 151, insize: 84, pid: 24948
   unique: 326, success, outsize: 24
unique: 327, opcode: RELEASE (18), nodeid: 151, insize: 64, pid: 0
   unique: 327, success, outsize: 16
unique: 328, opcode: LOOKUP (1), nodeid: 1, insize: 46, pid: 24948
isfile: 3 is a dir
getattr 0000000000000003 0
isfile: 3 is a dir
isfile: 3 is not a symlink
getdir 0000000000000003
   getattr -> 2318709936 745 746
   unique: 328, success, outsize: 144
unique: 329, opcode: LOOKUP (1), nodeid: 3, insize: 46, pid: 24948
   unique: 329, error: -2 (No such file or directory), outsize: 16
unique: 330, opcode: CREATE (35), nodeid: 3, insize: 62, pid: 24948
create name: xx-64 
applying
applying ok
isfile: 152 is a file
getattr 0000000000000098 1
isfile: 152 is a file
getfile 0000000000000098
getfile 0000000000000098 -> sz 0
   getattr -> 0
   unique: 330, success, outsize: 160
OK: create returns.
unique: 331, opcode: WRITE (16), nodeid: 152, insize: 84, pid: 24948
   unique: 331, success, outsize: 24
unique: 332, opcode: RELEASE (18), nodeid: 152, insize: 64, pid: 0
   unique: 332, success, outsize: 16
unique: 333, opcode: LOOKUP (1), nodeid: 1, insize: 46, pid: 24948
isfile: 3 is a dir
getattr 0000000000000003 0
isfile: 3 is a dir
isfile: 3 is not a symlink
getdir 0000000000000003
   getattr -> 2318709939 750 751
   unique: 333, success, outsize: 144
unique: 334, opcode: LOOKUP (1), nodeid: 3, insize: 46, pid: 24948
   unique: 334, error: -2 (No such file or directory), outsize: 16
unique: 335, opcode: CREATE (35), nodeid: 3, insize: 62, pid: 24948
create name: xx-65 
applying
applying ok
isfile: 153 is a file
getattr 0000000000000099 1
isfile: 153 is a file
getfile 0000000000000099
getfile 0000000000000099 -> sz 0
   getattr -> 0
   unique: 335, success, outsize: 160
OK: create returns.
unique: 336, opcode: WRITE (16), nodeid: 153, insize: 84, pid: 24948
   unique: 336, success, outsize: 24
unique: 337, opcode: RELEASE (18), nodeid: 153, insize: 64, pid: 0
   unique: 337, success, outsize: 16
unique: 338, opcode: LOOKUP (1), nodeid: 1, insize: 46, pid: 24948
isfile: 3 is a dir
getattr 0000000000000003 0
isfile: 3 is a dir
isfile: 3 is not a symlink
getdir 0000000000000003
   getattr -> 2318709942 755 756
   unique: 338, success, outsize: 144
unique: 339, opcode: LOOKUP (1), nodeid: 3, insize: 46, pid: 24948
   unique: 339, error: -2 (No such file or directory), outsize: 16
unique: 340, opcode: CREATE (35), nodeid: 3, insize: 62, pid: 24948
create name: xx-66 
applying
applying ok
isfile: 154 is a file
getattr 000000000000009a 1
isfile: 154 is a file
getfile 000000000000009a
getfile 000000000000009a -> sz 0
   getattr -> 0
   unique: 340, success, outsize: 160
OK: create returns.
unique: 341, opcode: WRITE (16), nodeid: 154, insize: 84, pid: 24948
   unique: 341, success, outsize: 24
unique: 342, opcode: RELEASE (18), nodeid: 154, insize: 64, pid: 0
   unique: 342, success, outsize: 16
unique: 343, opcode: LOOKUP (1), nodeid: 1, insize: 46, pid: 24948
isfile: 3 is a dir
getattr 0000000000000003 0
isfile: 3 is a dir
isfile: 3 is not a symlink
getdir 0000000000000003
   getattr -> 2318709945 760 761
   unique: 343, success, outsize: 144
unique: 344, opcode: LOOKUP (1), nodeid: 3, insize: 46, pid: 24948
   unique: 344, error: -2 (No such file or directory), outsize: 16
unique: 345, opcode: CREATE (35), nodeid: 3, insize: 62, pid: 24948
create name: xx-67 
applying
applying ok
isfile: 155 is a file
getattr 000000000000009b 1
isfile: 155 is a file
getfile 000000000000009b
getfile 000000000000009b -> sz 0
   getattr -> 0
   unique: 345, success, outsize: 160
OK: create returns.
unique: 346, opcode: WRITE (16), nodeid: 155, insize: 84, pid: 24948
   unique: 346, success, outsize: 24
unique: 347, opcode: RELEASE (18), nodeid: 155, insize: 64, pid: 0
   unique: 347, success, outsize: 16
unique: 348, opcode: LOOKUP (1), nodeid: 1, insize: 46, pid: 24948
isfile: 3 is a dir
getattr 0000000000000003 0
isfile: 3 is a dir
isfile: 3 is not a symlink
getdir 0000000000000003
   getattr -> 2318709948 765 766
   unique: 348, success, outsize: 144
unique: 349, opcode: LOOKUP (1), nodeid: 3, insize: 46, pid: 24948
   unique: 349, error: -2 (No such file or directory), outsize: 16
unique: 350, opcode: CREATE (35), nodeid: 3, insize: 62, pid: 24948
create name: xx-68 
applying
applying ok
isfile: 156 is a file
getattr 000000000000009c 1
isfile: 156 is a file
getfile 000000000000009c
getfile 000000000000009c -> sz 0
   getattr -> 0
   unique: 350, success, outsize: 160
OK: create returns.
unique: 351, opcode: RELEASE (18), nodeid: 156, insize: 64, pid: 0
   unique: 351, success, outsize: 16
unique: 352, opcode: GETATTR (3), nodeid: 1, insize: 56, pid: 24949
isfile: 1 is a dir
getattr 0000000000000001 0
isfile: 1 is a dir
isfile: 1 is not a symlink
getdir 0000000000000001
   getattr -> 1563799697 9 10
   unique: 352, success, outsize: 120
revoke 1 4
revoke done
revoke 1 5
revoke done
unique: 353, opcode: GETATTR (3), nodeid: 1, insize: 56, pid: 24969
applying
applying ok
isfile: 1 is a dir
getattr 0000000000000001 0
isfile: 1 is a dir
isfile: 1 is not a symlink
getdir 0000000000000001
   getattr -> 1563799697 9 10
   unique: 353, success, outsize: 120
unique: 354, opcode: OPENDIR (27), nodeid: 1, insize: 48, pid: 24969
   unique: 354, success, outsize: 32
unique: 355, opcode: GETATTR (3), nodeid: 1, insize: 56, pid: 24969
isfile: 1 is a dir
getattr 0000000000000001 0
isfile: 1 is a dir
isfile: 1 is not a symlink
getdir 0000000000000001
   getattr -> 1563799697 9 10
   unique: 355, success, outsize: 120
unique: 356, opcode: GETATTR (3), nodeid: 1, insize: 56, pid: 24969
isfile: 1 is a dir
getattr 0000000000000001 0
isfile: 1 is a dir
isfile: 1 is not a symlink
getdir 0000000000000001
   getattr -> 1563799697 9 10
   unique: 356, success, outsize: 120
unique: 357, opcode: READDIR (28), nodeid: 1, insize: 80, pid: 24969
fuseserver_readdir
isfile: 1 is a dir
   unique: 357, success, outsize: 80
unique: 358, opcode: READDIR (28), nodeid: 1, insize: 80, pid: 24969
fuseserver_readdir
isfile: 1 is a dir
   unique: 358, success, outsize: 16
unique: 359, opcode: LOOKUP (1), nodeid: 1, insize: 46, pid: 24969
applying
applying ok
isfile: 2 is a dir
getattr 0000000000000002 0
isfile: 2 is a dir
isfile: 2 is not a symlink
getdir 0000000000000002
   getattr -> 300 850 851
   unique: 359, success, outsize: 144
unique: 360, opcode: GETATTR (3), nodeid: 2, insize: 56, pid: 24969
isfile: 2 is a dir
getattr 0000000000000002 0
isfile: 2 is a dir
isfile: 2 is not a symlink
getdir 0000000000000002
   getattr -> 300 850 851
   unique: 360, success, outsize: 120
unique: 361, opcode: LOOKUP (1), nodeid: 1, insize: 46, pid: 24969
isfile: 2 is a dir
getattr 0000000000000002 0
isfile: 2 is a dir
isfile: 2 is not a symlink
getdir 0000000000000002
   getattr -> 300 850 851
   unique: 361, success, outsize: 144
unique: 362, opcode: OPENDIR (27), nodeid: 2, insize: 48, pid: 24969
   unique: 362, success, outsize: 32
unique: 363, opcode: GETATTR (3), nodeid: 2, insize: 56, pid: 24969
isfile: 2 is a dir
getattr 0000000000000002 0
isfile: 2 is a dir
isfile: 2 is not a symlink
getdir 0000000000000002
   getattr -> 300 850 851
   unique: 363, success, outsize: 120
unique: 364, opcode: GETATTR (3), nodeid: 2, insize: 56, pid: 24969
isfile: 2 is a dir
getattr 0000000000000002 0
isfile: 2 is a dir
isfile: 2 is not a symlink
getdir 0000000000000002
   getattr -> 300 850 851
   unique: 364, success, outsize: 120
unique: 365, opcode: READDIR (28), nodeid: 2, insize: 80, pid: 24969
fuseserver_readdir
isfile: 2 is a dir
   unique: 365, success, outsize: 3216
unique: 366, opcode: READDIR (28), nodeid: 2, insize: 80, pid: 24969
fuseserver_readdir
isfile: 2 is a dir
   unique: 366, success, outsize: 16
unique: 367, opcode: LOOKUP (1), nodeid: 2, insize: 45, pid: 24969
applying
applying ok
isfile: 31 is a file
getattr 000000000000001f 1
isfile: 31 is a file
getfile 000000000000001f
getfile 000000000000001f -> sz 4
   getattr -> 4
   unique: 367, success, outsize: 144
unique: 368, opcode: GETATTR (3), nodeid: 31, insize: 56, pid: 24969
isfile: 31 is a file
getattr 000000000000001f 1
isfile: 31 is a file
getfile 000000000000001f
getfile 000000000000001f -> sz 4
   getattr -> 4
   unique: 368, success, outsize: 120
unique: 369, opcode: LOOKUP (1), nodeid: 2, insize: 45, pid: 24969
isfile: 31 is a file
getattr 000000000000001f 1
isfile: 31 is a file
getfile 000000000000001f
getfile 000000000000001f -> sz 4
   getattr -> 4
   unique: 369, success, outsize: 144
unique: 370, opcode: OPEN (14), nodeid: 31, insize: 48, pid: 24969
   unique: 370, success, outsize: 32
unique: 371, opcode: GETATTR (3), nodeid: 31, insize: 56, pid: 24969
isfile: 31 is a file
getattr 000000000000001f 1
isfile: 31 is a file
getfile 000000000000001f
getfile 000000000000001f -> sz 4
   getattr -> 4
   unique: 371, success, outsize: 120
unique: 372, opcode: READ (15), nodeid: 31, insize: 80, pid: 24969
   unique: 372, success, outsize: 20
unique: 373, opcode: GETATTR (3), nodeid: 31, insize: 56, pid: 24969
isfile: 31 is a file
getattr 000000000000001f 1
isfile: 31 is a file
getfile 000000000000001f
getfile 000000000000001f -> sz 4
   getattr -> 4
   unique: 373, success, outsize: 120
unique: 374, opcode: RELEASE (18), nodeid: 31, insize: 64, pid: 0
   unique: 374, success, outsize: 16
unique: 375, opcode: LOOKUP (1), nodeid: 2, insize: 45, pid: 24969
applying
applying ok
isfile: 32 is a file
getattr 0000000000000020 1
isfile: 32 is a file
getfile 0000000000000020
getfile 0000000000000020 -> sz 4
   getattr -> 4
   unique: 375, success, outsize: 144
unique: 376, opcode: GETATTR (3), nodeid: 32, insize: 56, pid: 24969
isfile: 32 is a file
getattr 0000000000000020 1
isfile: 32 is a file
getfile 0000000000000020
getfile 0000000000000020 -> sz 4
   getattr -> 4
   unique: 376, success, outsize: 120
unique: 377, opcode: LOOKUP (1), nodeid: 2, insize: 45, pid: 24969
isfile: 32 is a file
getattr 0000000000000020 1
isfile: 32 is a file
getfile 0000000000000020
getfile 0000000000000020 -> sz 4
   getattr -> 4
   unique: 377, success, outsize: 144
unique: 378, opcode: OPEN (14), nodeid: 32, insize: 48, pid: 24969
   unique: 378, success, outsize: 32
unique: 379, opcode: GETATTR (3), nodeid: 32, insize: 56, pid: 24969
isfile: 32 is a file
getattr 0000000000000020 1
isfile: 32 is a file
getfile 0000000000000020
getfile 0000000000000020 -> sz 4
   getattr -> 4
   unique: 379, success, outsize: 120
unique: 380, opcode: READ (15), nodeid: 32, insize: 80, pid: 24969
   unique: 380, success, outsize: 20
unique: 381, opcode: GETATTR (3), nodeid: 32, insize: 56, pid: 24969
isfile: 32 is a file
getattr 0000000000000020 1
isfile: 32 is a file
getfile 0000000000000020
getfile 0000000000000020 -> sz 4
   getattr -> 4
   unique: 381, success, outsize: 120
unique: 382, opcode: RELEASE (18), nodeid: 32, insize: 64, pid: 0
   unique: 382, success, outsize: 16
unique: 383, opcode: LOOKUP (1), nodeid: 2, insize: 45, pid: 24969
applying
applying ok
isfile: 33 is a file
getattr 0000000000000021 1
isfile: 33 is a file
getfile 0000000000000021
getfile 0000000000000021 -> sz 4
   getattr -> 4
   unique: 383, success, outsize: 144
unique: 384, opcode: GETATTR (3), nodeid: 33, insize: 56, pid: 24969
isfile: 33 is a file
getattr 0000000000000021 1
isfile: 33 is a file
getfile 0000000000000021
getfile 0000000000000021 -> sz 4
   getattr -> 4
   unique: 384, success, outsize: 120
unique: 385, opcode: LOOKUP (1), nodeid: 2, insize: 45, pid: 24969
isfile: 33 is a file
getattr 0000000000000021 1
isfile: 33 is a file
getfile 0000000000000021
getfile 0000000000000021 -> sz 4
   getattr -> 4
   unique: 385, success, outsize: 144
unique: 386, opcode: OPEN (14), nodeid: 33, insize: 48, pid: 24969
   unique: 386, success, outsize: 32
unique: 387, opcode: GETATTR (3), nodeid: 33, insize: 56, pid: 24969
isfile: 33 is a file
getattr 0000000000000021 1
isfile: 33 is a file
getfile 0000000000000021
getfile 0000000000000021 -> sz 4
   getattr -> 4
   unique: 387, success, outsize: 120
unique: 388, opcode: READ (15), nodeid: 33, insize: 80, pid: 24969
   unique: 388, success, outsize: 20
unique: 389, opcode: GETATTR (3), nodeid: 33, insize: 56, pid: 24969
isfile: 33 is a file
getattr 0000000000000021 1
isfile: 33 is a file
getfile 0000000000000021
getfile 0000000000000021 -> sz 4
   getattr -> 4
   unique: 389, success, outsize: 120
unique: 390, opcode: RELEASE (18), nodeid: 33, insize: 64, pid: 0
   unique: 390, success, outsize: 16
unique: 391, opcode: LOOKUP (1), nodeid: 2, insize: 45, pid: 24969
applying
applying ok
isfile: 34 is a file
getattr 0000000000000022 1
isfile: 34 is a file
getfile 0000000000000022
getfile 0000000000000022 -> sz 4
   getattr -> 4
   unique: 391, success, outsize: 144
unique: 392, opcode: GETATTR (3), nodeid: 34, insize: 56, pid: 24969
isfile: 34 is a file
getattr 0000000000000022 1
isfile: 34 is a file
getfile 0000000000000022
getfile 0000000000000022 -> sz 4
   getattr -> 4
   unique: 392, success, outsize: 120
unique: 393, opcode: LOOKUP (1), nodeid: 2, insize: 45, pid: 24969
isfile: 34 is a file
getattr 0000000000000022 1
isfile: 34 is a file
getfile 0000000000000022
getfile 0000000000000022 -> sz 4
   getattr -> 4
   unique: 393, success, outsize: 144
unique: 394, opcode: OPEN (14), nodeid: 34, insize: 48, pid: 24969
   unique: 394, success, outsize: 32
unique: 395, opcode: GETATTR (3), nodeid: 34, insize: 56, pid: 24969
isfile: 34 is a file
getattr 0000000000000022 1
isfile: 34 is a file
getfile 0000000000000022
getfile 0000000000000022 -> sz 4
   getattr -> 4
   unique: 395, success, outsize: 120
unique: 396, opcode: READ (15), nodeid: 34, insize: 80, pid: 24969
   unique: 396, success, outsize: 20
unique: 397, opcode: GETATTR (3), nodeid: 34, insize: 56, pid: 24969
isfile: 34 is a file
getattr 0000000000000022 1
isfile: 34 is a file
getfile 0000000000000022
getfile 0000000000000022 -> sz 4
   getattr -> 4
   unique: 397, success, outsize: 120
unique: 398, opcode: RELEASE (18), nodeid: 34, insize: 64, pid: 0
   unique: 398, success, outsize: 16
unique: 399, opcode: LOOKUP (1), nodeid: 2, insize: 45, pid: 24969
applying
applying ok
isfile: 35 is a file
getattr 0000000000000023 1
isfile: 35 is a file
getfile 0000000000000023
getfile 0000000000000023 -> sz 4
   getattr -> 4
   unique: 399, success, outsize: 144
unique: 400, opcode: GETATTR (3), nodeid: 35, insize: 56, pid: 24969
isfile: 35 is a file
getattr 0000000000000023 1
isfile: 35 is a file
getfile 0000000000000023
getfile 0000000000000023 -> sz 4
   getattr -> 4
   unique: 400, success, outsize: 120
unique: 401, opcode: LOOKUP (1), nodeid: 2, insize: 45, pid: 24969
isfile: 35 is a file
getattr 0000000000000023 1
isfile: 35 is a file
getfile 0000000000000023
getfile 0000000000000023 -> sz 4
   getattr -> 4
   unique: 401, success, outsize: 144
unique: 402, opcode: OPEN (14), nodeid: 35, insize: 48, pid: 24969
   unique: 402, success, outsize: 32
unique: 403, opcode: GETATTR (3), nodeid: 35, insize: 56, pid: 24969
isfile: 35 is a file
getattr 0000000000000023 1
isfile: 35 is a file
getfile 0000000000000023
getfile 0000000000000023 -> sz 4
   getattr -> 4
   unique: 403, success, outsize: 120
unique: 404, opcode: READ (15), nodeid: 35, insize: 80, pid: 24969
   unique: 404, success, outsize: 20
unique: 405, opcode: GETATTR (3), nodeid: 35, insize: 56, pid: 24969
isfile: 35 is a file
getattr 0000000000000023 1
isfile: 35 is a file
getfile 0000000000000023
getfile 0000000000000023 -> sz 4
   getattr -> 4
   unique: 405, success, outsize: 120
unique: 406, opcode: RELEASE (18), nodeid: 35, insize: 64, pid: 0
   unique: 406, success, outsize: 16
unique: 407, opcode: LOOKUP (1), nodeid: 2, insize: 45, pid: 24969
applying
applying ok
isfile: 36 is a file
getattr 0000000000000024 1
isfile: 36 is a file
getfile 0000000000000024
getfile 0000000000000024 -> sz 4
   getattr -> 4
   unique: 407, success, outsize: 144
unique: 408, opcode: GETATTR (3), nodeid: 36, insize: 56, pid: 24969
isfile: 36 is a file
getattr 0000000000000024 1
isfile: 36 is a file
getfile 0000000000000024
getfile 0000000000000024 -> sz 4
   getattr -> 4
   unique: 408, success, outsize: 120
unique: 409, opcode: LOOKUP (1), nodeid: 2, insize: 45, pid: 24969
isfile: 36 is a file
getattr 0000000000000024 1
isfile: 36 is a file
getfile 0000000000000024
getfile 0000000000000024 -> sz 4
   getattr -> 4
   unique: 409, success, outsize: 144
unique: 410, opcode: OPEN (14), nodeid: 36, insize: 48, pid: 24969
   unique: 410, success, outsize: 32
unique: 411, opcode: GETATTR (3), nodeid: 36, insize: 56, pid: 24969
isfile: 36 is a file
getattr 0000000000000024 1
isfile: 36 is a file
getfile 0000000000000024
getfile 0000000000000024 -> sz 4
   getattr -> 4
   unique: 411, success, outsize: 120
unique: 412, opcode: READ (15), nodeid: 36, insize: 80, pid: 24969
   unique: 412, success, outsize: 20
unique: 413, opcode: GETATTR (3), nodeid: 36, insize: 56, pid: 24969
isfile: 36 is a file
getattr 0000000000000024 1
isfile: 36 is a file
getfile 0000000000000024
getfile 0000000000000024 -> sz 4
   getattr -> 4
   unique: 413, success, outsize: 120
unique: 414, opcode: RELEASE (18), nodeid: 36, insize: 64, pid: 0
   unique: 414, success, outsize: 16
unique: 415, opcode: LOOKUP (1), nodeid: 2, insize: 45, pid: 24969
applying
applying ok
isfile: 37 is a file
getattr 0000000000000025 1
isfile: 37 is a file
getfile 0000000000000025
getfile 0000000000000025 -> sz 4
   getattr -> 4
   unique: 415, success, outsize: 144
unique: 416, opcode: GETATTR (3), nodeid: 37, insize: 56, pid: 24969
isfile: 37 is a file
getattr 0000000000000025 1
isfile: 37 is a file
getfile 0000000000000025
getfile 0000000000000025 -> sz 4
   getattr -> 4
   unique: 416, success, outsize: 120
unique: 417, opcode: LOOKUP (1), nodeid: 2, insize: 45, pid: 24969
isfile: 37 is a file
getattr 0000000000000025 1
isfile: 37 is a file
getfile 0000000000000025
getfile 0000000000000025 -> sz 4
   getattr -> 4
   unique: 417, success, outsize: 144
unique: 418, opcode: OPEN (14), nodeid: 37, insize: 48, pid: 24969
   unique: 418, success, outsize: 32
unique: 419, opcode: GETATTR (3), nodeid: 37, insize: 56, pid: 24969
isfile: 37 is a file
getattr 0000000000000025 1
isfile: 37 is a file
getfile 0000000000000025
getfile 0000000000000025 -> sz 4
   getattr -> 4
   unique: 419, success, outsize: 120
unique: 420, opcode: READ (15), nodeid: 37, insize: 80, pid: 24969
   unique: 420, success, outsize: 20
unique: 421, opcode: GETATTR (3), nodeid: 37, insize: 56, pid: 24969
isfile: 37 is a file
getattr 0000000000000025 1
isfile: 37 is a file
getfile 0000000000000025
getfile 0000000000000025 -> sz 4
   getattr -> 4
   unique: 421, success, outsize: 120
unique: 422, opcode: RELEASE (18), nodeid: 37, insize: 64, pid: 0
   unique: 422, success, outsize: 16
unique: 423, opcode: LOOKUP (1), nodeid: 2, insize: 45, pid: 24969
applying
applying ok
isfile: 38 is a file
getattr 0000000000000026 1
isfile: 38 is a file
getfile 0000000000000026
getfile 0000000000000026 -> sz 4
   getattr -> 4
   unique: 423, success, outsize: 144
unique: 424, opcode: GETATTR (3), nodeid: 38, insize: 56, pid: 24969
isfile: 38 is a file
getattr 0000000000000026 1
isfile: 38 is a file
getfile 0000000000000026
getfile 0000000000000026 -> sz 4
   getattr -> 4
   unique: 424, success, outsize: 120
unique: 425, opcode: LOOKUP (1), nodeid: 2, insize: 45, pid: 24969
isfile: 38 is a file
getattr 0000000000000026 1
isfile: 38 is a file
getfile 0000000000000026
getfile 0000000000000026 -> sz 4
   getattr -> 4
   unique: 425, success, outsize: 144
unique: 426, opcode: OPEN (14), nodeid: 38, insize: 48, pid: 24969
   unique: 426, success, outsize: 32
unique: 427, opcode: GETATTR (3), nodeid: 38, insize: 56, pid: 24969
isfile: 38 is a file
getattr 0000000000000026 1
isfile: 38 is a file
getfile 0000000000000026
getfile 0000000000000026 -> sz 4
   getattr -> 4
   unique: 427, success, outsize: 120
unique: 428, opcode: READ (15), nodeid: 38, insize: 80, pid: 24969
   unique: 428, success, outsize: 20
unique: 429, opcode: GETATTR (3), nodeid: 38, insize: 56, pid: 24969
isfile: 38 is a file
getattr 0000000000000026 1
isfile: 38 is a file
getfile 0000000000000026
getfile 0000000000000026 -> sz 4
   getattr -> 4
   unique: 429, success, outsize: 120
unique: 430, opcode: RELEASE (18), nodeid: 38, insize: 64, pid: 0
   unique: 430, success, outsize: 16
unique: 431, opcode: LOOKUP (1), nodeid: 2, insize: 45, pid: 24969
applying
applying ok
isfile: 39 is a file
getattr 0000000000000027 1
isfile: 39 is a file
getfile 0000000000000027
getfile 0000000000000027 -> sz 4
   getattr -> 4
   unique: 431, success, outsize: 144
unique: 432, opcode: GETATTR (3), nodeid: 39, insize: 56, pid: 24969
isfile: 39 is a file
getattr 0000000000000027 1
isfile: 39 is a file
getfile 0000000000000027
getfile 0000000000000027 -> sz 4
   getattr -> 4
   unique: 432, success, outsize: 120
unique: 433, opcode: LOOKUP (1), nodeid: 2, insize: 45, pid: 24969
isfile: 39 is a file
getattr 0000000000000027 1
isfile: 39 is a file
getfile 0000000000000027
getfile 0000000000000027 -> sz 4
   getattr -> 4
   unique: 433, success, outsize: 144
unique: 434, opcode: OPEN (14), nodeid: 39, insize: 48, pid: 24969
   unique: 434, success, outsize: 32
unique: 435, opcode: GETATTR (3), nodeid: 39, insize: 56, pid: 24969
isfile: 39 is a file
getattr 0000000000000027 1
isfile: 39 is a file
getfile 0000000000000027
getfile 0000000000000027 -> sz 4
   getattr -> 4
   unique: 435, success, outsize: 120
unique: 436, opcode: READ (15), nodeid: 39, insize: 80, pid: 24969
   unique: 436, success, outsize: 20
unique: 437, opcode: GETATTR (3), nodeid: 39, insize: 56, pid: 24969
isfile: 39 is a file
getattr 0000000000000027 1
isfile: 39 is a file
getfile 0000000000000027
getfile 0000000000000027 -> sz 4
   getattr -> 4
   unique: 437, success, outsize: 120
unique: 438, opcode: RELEASE (18), nodeid: 39, insize: 64, pid: 0
   unique: 438, success, outsize: 16
unique: 439, opcode: LOOKUP (1), nodeid: 2, insize: 45, pid: 24969
applying
applying ok
isfile: 40 is a file
getattr 0000000000000028 1
isfile: 40 is a file
getfile 0000000000000028
getfile 0000000000000028 -> sz 4
   getattr -> 4
   unique: 439, success, outsize: 144
unique: 440, opcode: GETATTR (3), nodeid: 40, insize: 56, pid: 24969
isfile: 40 is a file
getattr 0000000000000028 1
isfile: 40 is a file
getfile 0000000000000028
getfile 0000000000000028 -> sz 4
   getattr -> 4
   unique: 440, success, outsize: 120
unique: 441, opcode: LOOKUP (1), nodeid: 2, insize: 45, pid: 24969
isfile: 40 is a file
getattr 0000000000000028 1
isfile: 40 is a file
getfile 0000000000000028
getfile 0000000000000028 -> sz 4
   getattr -> 4
   unique: 441, success, outsize: 144
unique: 442, opcode: OPEN (14), nodeid: 40, insize: 48, pid: 24969
   unique: 442, success, outsize: 32
unique: 443, opcode: GETATTR (3), nodeid: 40, insize: 56, pid: 24969
isfile: 40 is a file
getattr 0000000000000028 1
isfile: 40 is a file
getfile 0000000000000028
getfile 0000000000000028 -> sz 4
   getattr -> 4
   unique: 443, success, outsize: 120
unique: 444, opcode: READ (15), nodeid: 40, insize: 80, pid: 24969
   unique: 444, success, outsize: 20
unique: 445, opcode: GETATTR (3), nodeid: 40, insize: 56, pid: 24969
isfile: 40 is a file
getattr 0000000000000028 1
isfile: 40 is a file
getfile 0000000000000028
getfile 0000000000000028 -> sz 4
   getattr -> 4
   unique: 445, success, outsize: 120
unique: 446, opcode: RELEASE (18), nodeid: 40, insize: 64, pid: 0
   unique: 446, success, outsize: 16
unique: 447, opcode: LOOKUP (1), nodeid: 2, insize: 46, pid: 24969
applying
applying ok
isfile: 41 is a file
getattr 0000000000000029 1
isfile: 41 is a file
getfile 0000000000000029
getfile 0000000000000029 -> sz 4
   getattr -> 4
   unique: 447, success, outsize: 144
unique: 448, opcode: GETATTR (3), nodeid: 41, insize: 56, pid: 24969
isfile: 41 is a file
getattr 0000000000000029 1
isfile: 41 is a file
getfile 0000000000000029
getfile 0000000000000029 -> sz 4
   getattr -> 4
   unique: 448, success, outsize: 120
unique: 449, opcode: LOOKUP (1), nodeid: 2, insize: 46, pid: 24969
isfile: 41 is a file
getattr 0000000000000029 1
isfile: 41 is a file
getfile 0000000000000029
getfile 0000000000000029 -> sz 4
   getattr -> 4
   unique: 449, success, outsize: 144
unique: 450, opcode: OPEN (14), nodeid: 41, insize: 48, pid: 24969
   unique: 450, success, outsize: 32
unique: 451, opcode: GETATTR (3), nodeid: 41, insize: 56, pid: 24969
isfile: 41 is a file
getattr 0000000000000029 1
isfile: 41 is a file
getfile 0000000000000029
getfile 0000000000000029 -> sz 4
   getattr -> 4
   unique: 451, success, outsize: 120
unique: 452, opcode: READ (15), nodeid: 41, insize: 80, pid: 24969
   unique: 452, success, outsize: 20
unique: 453, opcode: GETATTR (3), nodeid: 41, insize: 56, pid: 24969
isfile: 41 is a file
getattr 0000000000000029 1
isfile: 41 is a file
getfile 0000000000000029
getfile 0000000000000029 -> sz 4
   getattr -> 4
   unique: 453, success, outsize: 120
unique: 454, opcode: RELEASE (18), nodeid: 41, insize: 64, pid: 0
   unique: 454, success, outsize: 16
unique: 455, opcode: LOOKUP (1), nodeid: 2, insize: 46, pid: 24969
applying
applying ok
isfile: 42 is a file
getattr 000000000000002a 1
isfile: 42 is a file
getfile 000000000000002a
getfile 000000000000002a -> sz 4
   getattr -> 4
   unique: 455, success, outsize: 144
unique: 456, opcode: GETATTR (3), nodeid: 42, insize: 56, pid: 24969
isfile: 42 is a file
getattr 000000000000002a 1
isfile: 42 is a file
getfile 000000000000002a
getfile 000000000000002a -> sz 4
   getattr -> 4
   unique: 456, success, outsize: 120
unique: 457, opcode: LOOKUP (1), nodeid: 2, insize: 46, pid: 24969
isfile: 42 is a file
getattr 000000000000002a 1
isfile: 42 is a file
getfile 000000000000002a
getfile 000000000000002a -> sz 4
   getattr -> 4
   unique: 457, success, outsize: 144
unique: 458, opcode: OPEN (14), nodeid: 42, insize: 48, pid: 24969
   unique: 458, success, outsize: 32
unique: 459, opcode: GETATTR (3), nodeid: 42, insize: 56, pid: 24969
isfile: 42 is a file
getattr 000000000000002a 1
isfile: 42 is a file
getfile 000000000000002a
getfile 000000000000002a -> sz 4
   getattr -> 4
   unique: 459, success, outsize: 120
unique: 460, opcode: READ (15), nodeid: 42, insize: 80, pid: 24969
   unique: 460, success, outsize: 20
unique: 461, opcode: GETATTR (3), nodeid: 42, insize: 56, pid: 24969
isfile: 42 is a file
getattr 000000000000002a 1
isfile: 42 is a file
getfile 000000000000002a
getfile 000000000000002a -> sz 4
   getattr -> 4
   unique: 461, success, outsize: 120
unique: 462, opcode: RELEASE (18), nodeid: 42, insize: 64, pid: 0
   unique: 462, success, outsize: 16
unique: 463, opcode: LOOKUP (1), nodeid: 2, insize: 46, pid: 24969
applying
applying ok
isfile: 43 is a file
getattr 000000000000002b 1
isfile: 43 is a file
getfile 000000000000002b
getfile 000000000000002b -> sz 4
   getattr -> 4
   unique: 463, success, outsize: 144
unique: 464, opcode: GETATTR (3), nodeid: 43, insize: 56, pid: 24969
isfile: 43 is a file
getattr 000000000000002b 1
isfile: 43 is a file
getfile 000000000000002b
getfile 000000000000002b -> sz 4
   getattr -> 4
   unique: 464, success, outsize: 120
unique: 465, opcode: LOOKUP (1), nodeid: 2, insize: 46, pid: 24969
isfile: 43 is a file
getattr 000000000000002b 1
isfile: 43 is a file
getfile 000000000000002b
getfile 000000000000002b -> sz 4
   getattr -> 4
   unique: 465, success, outsize: 144
unique: 466, opcode: OPEN (14), nodeid: 43, insize: 48, pid: 24969
   unique: 466, success, outsize: 32
unique: 467, opcode: GETATTR (3), nodeid: 43, insize: 56, pid: 24969
isfile: 43 is a file
getattr 000000000000002b 1
isfile: 43 is a file
getfile 000000000000002b
getfile 000000000000002b -> sz 4
   getattr -> 4
   unique: 467, success, outsize: 120
unique: 468, opcode: READ (15), nodeid: 43, insize: 80, pid: 24969
   unique: 468, success, outsize: 20
unique: 469, opcode: GETATTR (3), nodeid: 43, insize: 56, pid: 24969
isfile: 43 is a file
getattr 000000000000002b 1
isfile: 43 is a file
getfile 000000000000002b
getfile 000000000000002b -> sz 4
   getattr -> 4
   unique: 469, success, outsize: 120
unique: 470, opcode: RELEASE (18), nodeid: 43, insize: 64, pid: 0
   unique: 470, success, outsize: 16
unique: 471, opcode: LOOKUP (1), nodeid: 2, insize: 46, pid: 24969
applying
applying ok
isfile: 44 is a file
getattr 000000000000002c 1
isfile: 44 is a file
getfile 000000000000002c
getfile 000000000000002c -> sz 4
   getattr -> 4
   unique: 471, success, outsize: 144
unique: 472, opcode: GETATTR (3), nodeid: 44, insize: 56, pid: 24969
isfile: 44 is a file
getattr 000000000000002c 1
isfile: 44 is a file
getfile 000000000000002c
getfile 000000000000002c -> sz 4
   getattr -> 4
   unique: 472, success, outsize: 120
unique: 473, opcode: LOOKUP (1), nodeid: 2, insize: 46, pid: 24969
isfile: 44 is a file
getattr 000000000000002c 1
isfile: 44 is a file
getfile 000000000000002c
getfile 000000000000002c -> sz 4
   getattr -> 4
   unique: 473, success, outsize: 144
unique: 474, opcode: OPEN (14), nodeid: 44, insize: 48, pid: 24969
   unique: 474, success, outsize: 32
unique: 475, opcode: GETATTR (3), nodeid: 44, insize: 56, pid: 24969
isfile: 44 is a file
getattr 000000000000002c 1
isfile: 44 is a file
getfile 000000000000002c
getfile 000000000000002c -> sz 4
   getattr -> 4
   unique: 475, success, outsize: 120
unique: 476, opcode: READ (15), nodeid: 44, insize: 80, pid: 24969
   unique: 476, success, outsize: 20
unique: 477, opcode: GETATTR (3), nodeid: 44, insize: 56, pid: 24969
isfile: 44 is a file
getattr 000000000000002c 1
isfile: 44 is a file
getfile 000000000000002c
getfile 000000000000002c -> sz 4
   getattr -> 4
   unique: 477, success, outsize: 120
unique: 478, opcode: RELEASE (18), nodeid: 44, insize: 64, pid: 0
   unique: 478, success, outsize: 16
unique: 479, opcode: LOOKUP (1), nodeid: 2, insize: 46, pid: 24969
applying
applying ok
isfile: 45 is a file
getattr 000000000000002d 1
isfile: 45 is a file
getfile 000000000000002d
getfile 000000000000002d -> sz 4
   getattr -> 4
   unique: 479, success, outsize: 144
unique: 481, opcode: RELEASEDIR (29), nodeid: 2, insize: 64, pid: 0
   unique: 481, success, outsize: 16
unique: 482, opcode: RELEASEDIR (29), nodeid: 1, insize: 64, pid: 0
   unique: 482, success, outsize: 16
unique: 483, opcode: BATCH_FORGET (42), nodeid: 0, insize: 128, pid: 0
